{
  "authority": {
    "clay_authority": false,
    "empirical_non_promoting": true,
    "theorem_authority": false
  },
  "comparable_tight_chi_matched_count": 3,
  "contract": "ns_normalized_profile_census_nonpromoting_report",
  "incomparable_or_broad_profile_receipts": [],
  "missing": [],
  "receipt_count": 3,
  "rejected_wrong_contract": [],
  "rows": [
    {
      "actual_window_time": 62.5,
      "angular_concentration": 0.888966047896061,
      "chi_absolute": 0.15883961914640907,
      "chi_matched": true,
      "chi_mismatch": 0.0003854953464090538,
      "chi_target": 0.1584541238,
      "coarse_interaction_hellinger_squared": 0.9446844203680616,
      "critical_mass": 1.0,
      "evolution_available": true,
      "moving_packet_heat_compensated_ratio": 0.02729519805918038,
      "moving_packet_recurrence_ratio": 0.0014828605927988696,
      "moving_packet_scale_displacement": 0,
      "radial_log_width": 0.29089919572041667,
      "receipt": "scripts/data/outputs/ns_interaction_closure_production/N32j2_profile_angular_cap_chi_matched.json",
      "spatial_entropy_fraction": 0.6985763060116507,
      "spatial_ipr_fraction": 0.5443604707730149,
      "target_packet_dominance": 1.0
    },
    {
      "actual_window_time": 62.5,
      "angular_concentration": 0.4720296721781096,
      "chi_absolute": 0.1501670118407641,
      "chi_matched": true,
      "chi_mismatch": 0.008287111959235927,
      "chi_target": 0.1584541238,
      "coarse_interaction_hellinger_squared": 0.7443218470795648,
      "critical_mass": 1.0,
      "evolution_available": true,
      "moving_packet_heat_compensated_ratio": 0.026596553959385403,
      "moving_packet_recurrence_ratio": 0.0013833444035829508,
      "moving_packet_scale_displacement": -1,
      "radial_log_width": 0.29403548364447063,
      "receipt": "scripts/data/outputs/ns_interaction_closure_production/N32j2_profile_helical_plus_chi_matched.json",
      "spatial_entropy_fraction": 0.7379757845049412,
      "spatial_ipr_fraction": 0.5951034308290671,
      "target_packet_dominance": 1.0
    },
    {
      "actual_window_time": 62.5,
      "angular_concentration": 0.47202967217810965,
      "chi_absolute": 0.15092606208194811,
      "chi_matched": true,
      "chi_mismatch": 0.007528061718051898,
      "chi_target": 0.1584541238,
      "coarse_interaction_hellinger_squared": 0.916276271134195,
      "critical_mass": 1.0,
      "evolution_available": true,
      "moving_packet_heat_compensated_ratio": 0.020122958130490854,
      "moving_packet_recurrence_ratio": 0.0010466386579111185,
      "moving_packet_scale_displacement": 0,
      "radial_log_width": 0.29403548364447063,
      "receipt": "scripts/data/outputs/ns_interaction_closure_production/N32j2_profile_spatial_coherent_chi_matched.json",
      "spatial_entropy_fraction": 0.3040268704516747,
      "spatial_ipr_fraction": 0.0616375034548292,
      "target_packet_dominance": 1.0
    }
  ],
  "warning": "This is an atlas of finite empirical receipts. Comparable means only that the declared chi slice matched and target-shell dominance was at least .8; it does not establish quotient completeness or profile-uniform constants."
}
