[cmd] agda -i . DASHI/Physics/Closure/CanonicalStageCTheoremBundle.agda
---
   Checking DASHI.Physics.Closure.ContractionQuadraticToSignatureBridgeTheorem (/home/c/Documents/code/dashi_agda/DASHI/Physics/Closure/ContractionQuadraticToSignatureBridgeTheorem.agda).
    Checking DASHI.Physics.Closure.ContractionForcesQuadraticTheorem (/home/c/Documents/code/dashi_agda/DASHI/Physics/Closure/ContractionForcesQuadraticTheorem.agda).
     Checking DASHI.Geometry.CausalForcesLorentz31 (/home/c/Documents/code/dashi_agda/DASHI/Geometry/CausalForcesLorentz31.agda).
      Checking DASHI.Geometry.Signature31FromIntrinsicShellForcing (/home/c/Documents/code/dashi_agda/DASHI/Geometry/Signature31FromIntrinsicShellForcing.agda).
     Checking DASHI.Physics.Signature31IntrinsicShiftInstance (/home/c/Documents/code/dashi_agda/DASHI/Physics/Signature31IntrinsicShiftInstance.agda).
    Checking DASHI.Physics.Signature31FromShiftOrbitProfile (/home/c/Documents/code/dashi_agda/DASHI/Physics/Signature31FromShiftOrbitProfile.agda).
       Checking DASHI.Physics.ConcreteClosureStack (/home/c/Documents/code/dashi_agda/DASHI/Physics/ConcreteClosureStack.agda).
      Checking DASHI.Physics.MyRealInstance (/home/c/Documents/code/dashi_agda/DASHI/Physics/MyRealInstance.agda).
     Checking DASHI.Physics.Closure.PhysicsClosureFullInstance (/home/c/Documents/code/dashi_agda/DASHI/Physics/Closure/PhysicsClosureFullInstance.agda).
     Checking DASHI.Physics.Closure.ShiftObservablePredictionInstance (/home/c/Documents/code/dashi_agda/DASHI/Physics/Closure/ShiftObservablePredictionInstance.agda).
    Checking DASHI.Physics.Closure.MinimalCrediblePhysicsClosureShiftInstance (/home/c/Documents/code/dashi_agda/DASHI/Physics/Closure/MinimalCrediblePhysicsClosureShiftInstance.agda).
   Checking DASHI.Physics.Closure.SpinLocalLorentzBridgeTheorem (/home/c/Documents/code/dashi_agda/DASHI/Physics/Closure/SpinLocalLorentzBridgeTheorem.agda).
  Checking DASHI.Physics.Closure.ContractionSignatureToSpinDiracBridgeTheorem (/home/c/Documents/code/dashi_agda/DASHI/Physics/Closure/ContractionSignatureToSpinDiracBridgeTheorem.agda).
 Checking DASHI.Physics.Closure.KnownLimitsMatterGaugeTheorem (/home/c/Documents/code/dashi_agda/DASHI/Physics/Closure/KnownLimitsMatterGaugeTheorem.agda).
 Checking DASHI.Physics.Closure.KnownLimitsFullMatterGaugeTheorem (/home/c/Documents/code/dashi_agda/DASHI/Physics/Closure/KnownLimitsFullMatterGaugeTheorem.agda).
         Checking DASHI.Physics.Closure.KnownLimitsPropagationSpinTheorem (/home/c/Documents/code/dashi_agda/DASHI/Physics/Closure/KnownLimitsPropagationSpinTheorem.agda).
        Checking DASHI.Physics.Closure.KnownLimitsExtendedLocalRecoveryTheorem (/home/c/Documents/code/dashi_agda/DASHI/Physics/Closure/KnownLimitsExtendedLocalRecoveryTheorem.agda).
        Checking DASHI.Physics.Closure.CanonicalPropagationConsumer (/home/c/Documents/code/dashi_agda/DASHI/Physics/Closure/CanonicalPropagationConsumer.agda).
       Checking DASHI.Physics.Closure.KnownLimitsLocalPhysicsCoherenceTheorem (/home/c/Documents/code/dashi_agda/DASHI/Physics/Closure/KnownLimitsLocalPhysicsCoherenceTheorem.agda).
       Checking DASHI.Physics.Closure.KnownLimitsRecoveredLocalRegimeTheorem (/home/c/Documents/code/dashi_agda/DASHI/Physics/Closure/KnownLimitsRecoveredLocalRegimeTheorem.agda).
      Checking DASHI.Physics.Closure.KnownLimitsCompleteLocalRegimeTheorem (/home/c/Documents/code/dashi_agda/DASHI/Physics/Closure/KnownLimitsCompleteLocalRegimeTheorem.agda).
      Checking DASHI.Physics.Closure.CanonicalDynamicsLawTheorem (/home/c/Documents/code/dashi_agda/DASHI/Physics/Closure/CanonicalDynamicsLawTheorem.agda).
     Checking DASHI.Physics.Closure.KnownLimitsRecoveredDynamicsTheorem (/home/c/Documents/code/dashi_agda/DASHI/Physics/Closure/KnownLimitsRecoveredDynamicsTheorem.agda).
     Checking DASHI.Physics.Closure.CanonicalGeometryConsumer (/home/c/Documents/code/dashi_agda/DASHI/Physics/Closure/CanonicalGeometryConsumer.agda).
    Checking DASHI.Physics.Closure.KnownLimitsRecoveredObservablesTheorem (/home/c/Documents/code/dashi_agda/DASHI/Physics/Closure/KnownLimitsRecoveredObservablesTheorem.agda).
   Checking DASHI.Physics.Closure.KnownLimitsRecoveredObservableGeometryTheorem (/home/c/Documents/code/dashi_agda/DASHI/Physics/Closure/KnownLimitsRecoveredObservableGeometryTheorem.agda).
         Checking DASHI.Physics.Closure.CanonicalObservableConsumer (/home/c/Documents/code/dashi_agda/DASHI/Physics/Closure/CanonicalObservableConsumer.agda).
        Checking DASHI.Physics.Closure.CanonicalRegimeConsumer (/home/c/Documents/code/dashi_agda/DASHI/Physics/Closure/CanonicalRegimeConsumer.agda).
       Checking DASHI.Physics.Closure.KnownLimitsRecoveredTransportConsistencyTheorem (/home/c/Documents/code/dashi_agda/DASHI/Physics/Closure/KnownLimitsRecoveredTransportConsistencyTheorem.agda).
      Checking DASHI.Physics.Closure.KnownLimitsRecoveredWavefrontTheorem (/home/c/Documents/code/dashi_agda/DASHI/Physics/Closure/KnownLimitsRecoveredWavefrontTheorem.agda).
     Checking DASHI.Physics.Closure.KnownLimitsRecoveredWaveGeometryTheorem (/home/c/Documents/code/dashi_agda/DASHI/Physics/Closure/KnownLimitsRecoveredWaveGeometryTheorem.agda).
    Checking DASHI.Physics.Closure.KnownLimitsRecoveredWaveRegimeTheorem (/home/c/Documents/code/dashi_agda/DASHI/Physics/Closure/KnownLimitsRecoveredWaveRegimeTheorem.agda).
   Checking DASHI.Physics.Closure.KnownLimitsRecoveredWaveObservablesTheorem (/home/c/Documents/code/dashi_agda/DASHI/Physics/Closure/KnownLimitsRecoveredWaveObservablesTheorem.agda).
  Checking DASHI.Physics.Closure.KnownLimitsRecoveredWaveObservableGeometryTheorem (/home/c/Documents/code/dashi_agda/DASHI/Physics/Closure/KnownLimitsRecoveredWaveObservableGeometryTheorem.agda).
  Checking DASHI.Physics.Closure.KnownLimitsRecoveredWaveObservableTransportTheorem (/home/c/Documents/code/dashi_agda/DASHI/Physics/Closure/KnownLimitsRecoveredWaveObservableTransportTheorem.agda).
 Checking DASHI.Physics.Closure.KnownLimitsRecoveredWaveObservableTransportGeometryTheorem (/home/c/Documents/code/dashi_agda/DASHI/Physics/Closure/KnownLimitsRecoveredWaveObservableTransportGeometryTheorem.agda).
                       Checking DASHI.Physics.Closure.KnownLimitsRecoveredWaveObservableTransportGeometryCoherenceTheorem (/home/c/Documents/code/dashi_agda/DASHI/Physics/Closure/KnownLimitsRecoveredWaveObservableTransportGeometryCoherenceTheorem.agda).
                      Checking DASHI.Physics.Closure.KnownLimitsRecoveredWaveObservableTransportGeometry.Regime.Theorem (/home/c/Documents/code/dashi_agda/DASHI/Physics/Closure/KnownLimitsRecoveredWaveObservableTransportGeometry/Regime/Theorem.agda).
                     Checking DASHI.Physics.Closure.KnownLimitsRecoveredWaveObservableTransportGeometry.Regime.CoherenceTheorem (/home/c/Documents/code/dashi_agda/DASHI/Physics/Closure/KnownLimitsRecoveredWaveObservableTransportGeometry/Regime/CoherenceTheorem.agda).
                    Checking DASHI.Physics.Closure.KnownLimitsRecoveredWaveObservableTransportGeometry.Regime.StabilityTheorem (/home/c/Documents/code/dashi_agda/DASHI/Physics/Closure/KnownLimitsRecoveredWaveObservableTransportGeometry/Regime/StabilityTheorem.agda).
                   Checking DASHI.Physics.Closure.KnownLimitsRecoveredWaveObservableTransportGeometry.Regime.CompletenessTheorem (/home/c/Documents/code/dashi_agda/DASHI/Physics/Closure/KnownLimitsRecoveredWaveObservableTransportGeometry/Regime/CompletenessTheorem.agda).
                  Checking DASHI.Physics.Closure.KnownLimitsRecoveredWaveObservableTransportGeometry.Regime.SoundnessTheorem (/home/c/Documents/code/dashi_agda/DASHI/Physics/Closure/KnownLimitsRecoveredWaveObservableTransportGeometry/Regime/SoundnessTheorem.agda).
                 Checking DASHI.Physics.Closure.KnownLimitsRecoveredWaveObservableTransportGeometry.Regime.ConsistencyTheorem (/home/c/Documents/code/dashi_agda/DASHI/Physics/Closure/KnownLimitsRecoveredWaveObservableTransportGeometry/Regime/ConsistencyTheorem.agda).
                Checking DASHI.Physics.Closure.KnownLimitsRecoveredWaveObservableTransportGeometry.Regime.InvarianceTheorem (/home/c/Documents/code/dashi_agda/DASHI/Physics/Closure/KnownLimitsRecoveredWaveObservableTransportGeometry/Regime/InvarianceTheorem.agda).
               Checking DASHI.Physics.Closure.KnownLimitsRecoveredWaveObservableTransportGeometry.Regime.RobustnessTheorem (/home/c/Documents/code/dashi_agda/DASHI/Physics/Closure/KnownLimitsRecoveredWaveObservableTransportGeometry/Regime/RobustnessTheorem.agda).
              Checking DASHI.Physics.Closure.KnownLimitsRecoveredWaveObservableTransportGeometry.Regime.ResilienceTheorem (/home/c/Documents/code/dashi_agda/DASHI/Physics/Closure/KnownLimitsRecoveredWaveObservableTransportGeometry/Regime/ResilienceTheorem.agda).
             Checking DASHI.Physics.Closure.KnownLimitsRecoveredWaveObservableTransportGeometry.Regime.IntegrityTheorem (/home/c/Documents/code/dashi_agda/DASHI/Physics/Closure/KnownLimitsRecoveredWaveObservableTransportGeometry/Regime/IntegrityTheorem.agda).
            Checking DASHI.Physics.Closure.KnownLimitsRecoveredWaveObservableTransportGeometry.Regime.HarmonyTheorem (/home/c/Documents/code/dashi_agda/DASHI/Physics/Closure/KnownLimitsRecoveredWaveObservableTransportGeometry/Regime/HarmonyTheorem.agda).
           Checking DASHI.Physics.Closure.KnownLimitsRecoveredWaveObservableTransportGeometry.Regime.BalanceTheorem (/home/c/Documents/code/dashi_agda/DASHI/Physics/Closure/KnownLimitsRecoveredWaveObservableTransportGeometry/Regime/BalanceTheorem.agda).
          Checking DASHI.Physics.Closure.KnownLimitsRecoveredWaveObservableTransportGeometry.Regime.SymmetryTheorem (/home/c/Documents/code/dashi_agda/DASHI/Physics/Closure/KnownLimitsRecoveredWaveObservableTransportGeometry/Regime/SymmetryTheorem.agda).
         Checking DASHI.Physics.Closure.KnownLimitsRecoveredWaveObservableTransportGeometry.Regime.ContinuityTheorem (/home/c/Documents/code/dashi_agda/DASHI/Physics/Closure/KnownLimitsRecoveredWaveObservableTransportGeometry/Regime/ContinuityTheorem.agda).
        Checking DASHI.Physics.Closure.KnownLimitsRecoveredWaveObservableTransportGeometry.Regime.CompatibilityTheorem (/home/c/Documents/code/dashi_agda/DASHI/Physics/Closure/KnownLimitsRecoveredWaveObservableTransportGeometry/Regime/CompatibilityTheorem.agda).
       Checking DASHI.Physics.Closure.KnownLimitsRecoveredWaveObservableTransportGeometry.Regime.ConcordanceTheorem (/home/c/Documents/code/dashi_agda/DASHI/Physics/Closure/KnownLimitsRecoveredWaveObservableTransportGeometry/Regime/ConcordanceTheorem.agda).
      Checking DASHI.Physics.Closure.KnownLimitsRecoveredWaveObservableTransportGeometry.Regime.CohesionTheorem (/home/c/Documents/code/dashi_agda/DASHI/Physics/Closure/KnownLimitsRecoveredWaveObservableTransportGeometry/Regime/CohesionTheorem.agda).
     Checking DASHI.Physics.Closure.KnownLimitsRecoveredWaveObservableTransportGeometry.Regime.EquilibriumTheorem (/home/c/Documents/code/dashi_agda/DASHI/Physics/Closure/KnownLimitsRecoveredWaveObservableTransportGeometry/Regime/EquilibriumTheorem.agda).
    Checking DASHI.Physics.Closure.KnownLimitsRecoveredWaveObservableTransportGeometry.Regime.FidelityTheorem (/home/c/Documents/code/dashi_agda/DASHI/Physics/Closure/KnownLimitsRecoveredWaveObservableTransportGeometry/Regime/FidelityTheorem.agda).
   Checking DASHI.Physics.Closure.KnownLimitsRecoveredWaveObservableTransportGeometry.Regime.TransparencyTheorem (/home/c/Documents/code/dashi_agda/DASHI/Physics/Closure/KnownLimitsRecoveredWaveObservableTransportGeometry/Regime/TransparencyTheorem.agda).
  Checking DASHI.Physics.Closure.KnownLimitsRecoveredWaveObservableTransportGeometry.Regime.ClarityTheorem (/home/c/Documents/code/dashi_agda/DASHI/Physics/Closure/KnownLimitsRecoveredWaveObservableTransportGeometry/Regime/ClarityTheorem.agda).
   Checking DASHI.Physics.Closure.KnownLimitsRecoveredWaveObservableTransportGeometry.Regime.AlignmentTheorem (/home/c/Documents/code/dashi_agda/DASHI/Physics/Closure/KnownLimitsRecoveredWaveObservableTransportGeometry/Regime/AlignmentTheorem.agda).
  Checking DASHI.Physics.Closure.KnownLimitsRecoveredWaveObservableTransportGeometry.Regime.IntegrationTheorem (/home/c/Documents/code/dashi_agda/DASHI/Physics/Closure/KnownLimitsRecoveredWaveObservableTransportGeometry/Regime/IntegrationTheorem.agda).
                Checking DASHI.Physics.Closure.KnownLimitsRecoveredWaveObservableTransportGeometry.Regime.TraceabilityTheorem (/home/c/Documents/code/dashi_agda/DASHI/Physics/Closure/KnownLimitsRecoveredWaveObservableTransportGeometry/Regime/TraceabilityTheorem.agda).
               Checking DASHI.Physics.Closure.KnownLimitsRecoveredWaveObservableTransportGeometry.Regime.AuditabilityTheorem (/home/c/Documents/code/dashi_agda/DASHI/Physics/Closure/KnownLimitsRecoveredWaveObservableTransportGeometry/Regime/AuditabilityTheorem.agda).
              Checking DASHI.Physics.Closure.KnownLimitsRecoveredWaveObservableTransportGeometry.Regime.VerifiabilityTheorem (/home/c/Documents/code/dashi_agda/DASHI/Physics/Closure/KnownLimitsRecoveredWaveObservableTransportGeometry/Regime/VerifiabilityTheorem.agda).
             Checking DASHI.Physics.Closure.KnownLimitsRecoveredWaveObservableTransportGeometry.Regime.ReliabilityTheorem (/home/c/Documents/code/dashi_agda/DASHI/Physics/Closure/KnownLimitsRecoveredWaveObservableTransportGeometry/Regime/ReliabilityTheorem.agda).
            Checking DASHI.Physics.Closure.KnownLimitsRecoveredWaveObservableTransportGeometry.Regime.RepeatabilityTheorem (/home/c/Documents/code/dashi_agda/DASHI/Physics/Closure/KnownLimitsRecoveredWaveObservableTransportGeometry/Regime/RepeatabilityTheorem.agda).
           Checking DASHI.Physics.Closure.KnownLimitsRecoveredWaveObservableTransportGeometry.Regime.ReproducibilityTheorem (/home/c/Documents/code/dashi_agda/DASHI/Physics/Closure/KnownLimitsRecoveredWaveObservableTransportGeometry/Regime/ReproducibilityTheorem.agda).
          Checking DASHI.Physics.Closure.KnownLimitsRecoveredWaveObservableTransportGeometry.Regime.PortabilityTheorem (/home/c/Documents/code/dashi_agda/DASHI/Physics/Closure/KnownLimitsRecoveredWaveObservableTransportGeometry/Regime/PortabilityTheorem.agda).
         Checking DASHI.Physics.Closure.KnownLimitsRecoveredWaveObservableTransportGeometry.Regime.InteroperabilityTheorem (/home/c/Documents/code/dashi_agda/DASHI/Physics/Closure/KnownLimitsRecoveredWaveObservableTransportGeometry/Regime/InteroperabilityTheorem.agda).
        Checking DASHI.Physics.Closure.KnownLimitsRecoveredWaveObservableTransportGeometry.Regime.ComposabilityTheorem (/home/c/Documents/code/dashi_agda/DASHI/Physics/Closure/KnownLimitsRecoveredWaveObservableTransportGeometry/Regime/ComposabilityTheorem.agda).
       Checking DASHI.Physics.Closure.KnownLimitsRecoveredWaveObservableTransportGeometry.Regime.MaintainabilityTheorem (/home/c/Documents/code/dashi_agda/DASHI/Physics/Closure/KnownLimitsRecoveredWaveObservableTransportGeometry/Regime/MaintainabilityTheorem.agda).
      Checking DASHI.Physics.Closure.KnownLimitsRecoveredWaveObservableTransportGeometry.Regime.ExtensibilityTheorem (/home/c/Documents/code/dashi_agda/DASHI/Physics/Closure/KnownLimitsRecoveredWaveObservableTransportGeometry/Regime/ExtensibilityTheorem.agda).
     Checking DASHI.Physics.Closure.KnownLimitsRecoveredWaveObservableTransportGeometry.Regime.AdaptabilityTheorem (/home/c/Documents/code/dashi_agda/DASHI/Physics/Closure/KnownLimitsRecoveredWaveObservableTransportGeometry/Regime/AdaptabilityTheorem.agda).
    Checking DASHI.Physics.Closure.KnownLimitsRecoveredWaveObservableTransportGeometry.Regime.ScalabilityTheorem (/home/c/Documents/code/dashi_agda/DASHI/Physics/Closure/KnownLimitsRecoveredWaveObservableTransportGeometry/Regime/ScalabilityTheorem.agda).
   Checking DASHI.Physics.Closure.KnownLimitsRecoveredWaveObservableTransportGeometry.Regime.SustainabilityTheorem (/home/c/Documents/code/dashi_agda/DASHI/Physics/Closure/KnownLimitsRecoveredWaveObservableTransportGeometry/Regime/SustainabilityTheorem.agda).
  Checking DASHI.Physics.Closure.KnownLimitsRecoveredWaveObservableTransportGeometry.Regime.StewardshipTheorem (/home/c/Documents/code/dashi_agda/DASHI/Physics/Closure/KnownLimitsRecoveredWaveObservableTransportGeometry/Regime/StewardshipTheorem.agda).
    Checking DASHI.Physics.Closure.KnownLimitsRecoveredWaveObservableTransportGeometry.Regime.UsabilityTheorem (/home/c/Documents/code/dashi_agda/DASHI/Physics/Closure/KnownLimitsRecoveredWaveObservableTransportGeometry/Regime/UsabilityTheorem.agda).
   Checking DASHI.Physics.Closure.KnownLimitsRecoveredWaveObservableTransportGeometry.Regime.OperabilityTheorem (/home/c/Documents/code/dashi_agda/DASHI/Physics/Closure/KnownLimitsRecoveredWaveObservableTransportGeometry/Regime/OperabilityTheorem.agda).
  Checking DASHI.Physics.Closure.KnownLimitsRecoveredWaveObservableTransportGeometry.Regime.DurabilityTheorem (/home/c/Documents/code/dashi_agda/DASHI/Physics/Closure/KnownLimitsRecoveredWaveObservableTransportGeometry/Regime/DurabilityTheorem.agda).
   Checking DASHI.Physics.Closure.KnownLimitsRecoveredWaveObservableTransportGeometry.Regime.RefinementTheorem (/home/c/Documents/code/dashi_agda/DASHI/Physics/Closure/KnownLimitsRecoveredWaveObservableTransportGeometry/Regime/RefinementTheorem.agda).
  Checking DASHI.Physics.Closure.KnownLimitsRecoveredWaveObservableTransportGeometry.Regime.PrecisionTheorem (/home/c/Documents/code/dashi_agda/DASHI/Physics/Closure/KnownLimitsRecoveredWaveObservableTransportGeometry/Regime/PrecisionTheorem.agda).
  Checking DASHI.Physics.Closure.KnownLimitsRecoveredWaveObservableTransportGeometry.Regime.LegibilityTheorem (/home/c/Documents/code/dashi_agda/DASHI/Physics/Closure/KnownLimitsRecoveredWaveObservableTransportGeometry/Regime/LegibilityTheorem.agda).
   Checking DASHI.Physics.Closure.KnownLimitsRecoveredWaveObservableTransportGeometry.Regime.SynthesisTheorem (/home/c/Documents/code/dashi_agda/DASHI/Physics/Closure/KnownLimitsRecoveredWaveObservableTransportGeometry/Regime/SynthesisTheorem.agda).
  Checking DASHI.Physics.Closure.KnownLimitsRecoveredWaveObservableTransportGeometry.Regime.FusionTheorem (/home/c/Documents/code/dashi_agda/DASHI/Physics/Closure/KnownLimitsRecoveredWaveObservableTransportGeometry/Regime/FusionTheorem.agda).
  Checking DASHI.Physics.Closure.KnownLimitsRecoveredWaveObservableTransportGeometry.Regime.ManageabilityTheorem (/home/c/Documents/code/dashi_agda/DASHI/Physics/Closure/KnownLimitsRecoveredWaveObservableTransportGeometry/Regime/ManageabilityTheorem.agda).
    Checking DASHI.Physics.Closure.KnownLimitsRecoveredWaveObservableTransportGeometry.Regime.ResolutionTheorem (/home/c/Documents/code/dashi_agda/DASHI/Physics/Closure/KnownLimitsRecoveredWaveObservableTransportGeometry/Regime/ResolutionTheorem.agda).
   Checking DASHI.Physics.Closure.KnownLimitsRecoveredWaveObservableTransportGeometry.Regime.CalibrationTheorem (/home/c/Documents/code/dashi_agda/DASHI/Physics/Closure/KnownLimitsRecoveredWaveObservableTransportGeometry/Regime/CalibrationTheorem.agda).
  Checking DASHI.Physics.Closure.KnownLimitsRecoveredWaveObservableTransportGeometry.Regime.NormalizationTheorem (/home/c/Documents/code/dashi_agda/DASHI/Physics/Closure/KnownLimitsRecoveredWaveObservableTransportGeometry/Regime/NormalizationTheorem.agda).
  Checking DASHI.Physics.Closure.KnownLimitsRecoveredWaveObservableTransportGeometry.Regime.AccountabilityTheorem (/home/c/Documents/code/dashi_agda/DASHI/Physics/Closure/KnownLimitsRecoveredWaveObservableTransportGeometry/Regime/AccountabilityTheorem.agda).
  Checking DASHI.Physics.Closure.KnownLimitsRecoveredWaveObservableTransportGeometry.Regime.ConvergenceTheorem (/home/c/Documents/code/dashi_agda/DASHI/Physics/Closure/KnownLimitsRecoveredWaveObservableTransportGeometry/Regime/ConvergenceTheorem.agda).
 Checking DASHI.Physics.Closure.Recovery.WaveRegime (/home/c/Documents/code/dashi_agda/DASHI/Physics/Closure/Recovery/WaveRegime.agda).
                      Checking DASHI.Physics.Closure.CanonicalRecoveryTransportConsumer (/home/c/Documents/code/dashi_agda/DASHI/Physics/Closure/CanonicalRecoveryTransportConsumer.agda).
                     Checking DASHI.Physics.Closure.CanonicalWavefrontConsumer (/home/c/Documents/code/dashi_agda/DASHI/Physics/Closure/CanonicalWavefrontConsumer.agda).
                    Checking DASHI.Physics.Closure.CanonicalWaveGeometryConsumer (/home/c/Documents/code/dashi_agda/DASHI/Physics/Closure/CanonicalWaveGeometryConsumer.agda).
                   Checking DASHI.Physics.Closure.CanonicalWaveRegimeConsumer (/home/c/Documents/code/dashi_agda/DASHI/Physics/Closure/CanonicalWaveRegimeConsumer.agda).
                  Checking DASHI.Physics.Closure.CanonicalWaveObservableConsumer (/home/c/Documents/code/dashi_agda/DASHI/Physics/Closure/CanonicalWaveObservableConsumer.agda).
                 Checking DASHI.Physics.Closure.CanonicalWaveObservableTransportConsumer (/home/c/Documents/code/dashi_agda/DASHI/Physics/Closure/CanonicalWaveObservableTransportConsumer.agda).
                Checking DASHI.Physics.Closure.CanonicalWaveObservableTransportGeometryConsumer (/home/c/Documents/code/dashi_agda/DASHI/Physics/Closure/CanonicalWaveObservableTransportGeometryConsumer.agda).
               Checking DASHI.Physics.Closure.CanonicalWaveObservableTransportGeometryCoherenceConsumer (/home/c/Documents/code/dashi_agda/DASHI/Physics/Closure/CanonicalWaveObservableTransportGeometryCoherenceConsumer.agda).
              Checking DASHI.Physics.Closure.CanonicalWaveObservableTransportGeometry.Regime.Consumer (/home/c/Documents/code/dashi_agda/DASHI/Physics/Closure/CanonicalWaveObservableTransportGeometry/Regime/Consumer.agda).
             Checking DASHI.Physics.Closure.CanonicalWaveObservableTransportGeometry.Regime.CoherenceConsumer (/home/c/Documents/code/dashi_agda/DASHI/Physics/Closure/CanonicalWaveObservableTransportGeometry/Regime/CoherenceConsumer.agda).
            Checking DASHI.Physics.Closure.CanonicalWaveObservableTransportGeometry.Regime.StabilityConsumer (/home/c/Documents/code/dashi_agda/DASHI/Physics/Closure/CanonicalWaveObservableTransportGeometry/Regime/StabilityConsumer.agda).
           Checking DASHI.Physics.Closure.CanonicalWaveObservableTransportGeometry.Regime.CompletenessConsumer (/home/c/Documents/code/dashi_agda/DASHI/Physics/Closure/CanonicalWaveObservableTransportGeometry/Regime/CompletenessConsumer.agda).
          Checking DASHI.Physics.Closure.CanonicalWaveObservableTransportGeometry.Regime.SoundnessConsumer (/home/c/Documents/code/dashi_agda/DASHI/Physics/Closure/CanonicalWaveObservableTransportGeometry/Regime/SoundnessConsumer.agda).
         Checking DASHI.Physics.Closure.CanonicalWaveObservableTransportGeometry.Regime.ConsistencyConsumer (/home/c/Documents/code/dashi_agda/DASHI/Physics/Closure/CanonicalWaveObservableTransportGeometry/Regime/ConsistencyConsumer.agda).
        Checking DASHI.Physics.Closure.CanonicalWaveObservableTransportGeometry.Regime.InvarianceConsumer (/home/c/Documents/code/dashi_agda/DASHI/Physics/Closure/CanonicalWaveObservableTransportGeometry/Regime/InvarianceConsumer.agda).
       Checking DASHI.Physics.Closure.CanonicalWaveObservableTransportGeometry.Regime.RobustnessConsumer (/home/c/Documents/code/dashi_agda/DASHI/Physics/Closure/CanonicalWaveObservableTransportGeometry/Regime/RobustnessConsumer.agda).
      Checking DASHI.Physics.Closure.CanonicalWaveObservableTransportGeometry.Regime.ResilienceConsumer (/home/c/Documents/code/dashi_agda/DASHI/Physics/Closure/CanonicalWaveObservableTransportGeometry/Regime/ResilienceConsumer.agda).
     Checking DASHI.Physics.Closure.CanonicalWaveObservableTransportGeometry.Regime.IntegrityConsumer (/home/c/Documents/code/dashi_agda/DASHI/Physics/Closure/CanonicalWaveObservableTransportGeometry/Regime/IntegrityConsumer.agda).
    Checking DASHI.Physics.Closure.CanonicalWaveObservableTransportGeometry.Regime.HarmonyConsumer (/home/c/Documents/code/dashi_agda/DASHI/Physics/Closure/CanonicalWaveObservableTransportGeometry/Regime/HarmonyConsumer.agda).
   Checking DASHI.Physics.Closure.CanonicalWaveObservableTransportGeometry.Regime.BalanceConsumer (/home/c/Documents/code/dashi_agda/DASHI/Physics/Closure/CanonicalWaveObservableTransportGeometry/Regime/BalanceConsumer.agda).
  Checking DASHI.Physics.Closure.CanonicalWaveObservableTransportGeometry.Regime.SymmetryConsumer (/home/c/Documents/code/dashi_agda/DASHI/Physics/Closure/CanonicalWaveObservableTransportGeometry/Regime/SymmetryConsumer.agda).
        Checking DASHI.Physics.Closure.CanonicalWaveObservableTransportGeometry.Regime.ContinuityConsumer (/home/c/Documents/code/dashi_agda/DASHI/Physics/Closure/CanonicalWaveObservableTransportGeometry/Regime/ContinuityConsumer.agda).
       Checking DASHI.Physics.Closure.CanonicalWaveObservableTransportGeometry.Regime.CompatibilityConsumer (/home/c/Documents/code/dashi_agda/DASHI/Physics/Closure/CanonicalWaveObservableTransportGeometry/Regime/CompatibilityConsumer.agda).
      Checking DASHI.Physics.Closure.CanonicalWaveObservableTransportGeometry.Regime.ConcordanceConsumer (/home/c/Documents/code/dashi_agda/DASHI/Physics/Closure/CanonicalWaveObservableTransportGeometry/Regime/ConcordanceConsumer.agda).
     Checking DASHI.Physics.Closure.CanonicalWaveObservableTransportGeometry.Regime.CohesionConsumer (/home/c/Documents/code/dashi_agda/DASHI/Physics/Closure/CanonicalWaveObservableTransportGeometry/Regime/CohesionConsumer.agda).
    Checking DASHI.Physics.Closure.CanonicalWaveObservableTransportGeometry.Regime.EquilibriumConsumer (/home/c/Documents/code/dashi_agda/DASHI/Physics/Closure/CanonicalWaveObservableTransportGeometry/Regime/EquilibriumConsumer.agda).
   Checking DASHI.Physics.Closure.CanonicalWaveObservableTransportGeometry.Regime.ConvergenceConsumer (/home/c/Documents/code/dashi_agda/DASHI/Physics/Closure/CanonicalWaveObservableTransportGeometry/Regime/ConvergenceConsumer.agda).
  Checking DASHI.Physics.Closure.CanonicalWaveObservableTransportGeometry.Regime.FidelityConsumer (/home/c/Documents/code/dashi_agda/DASHI/Physics/Closure/CanonicalWaveObservableTransportGeometry/Regime/FidelityConsumer.agda).
      Checking DASHI.Physics.Closure.CanonicalWaveObservableTransportGeometry.Regime.AlignmentConsumer (/home/c/Documents/code/dashi_agda/DASHI/Physics/Closure/CanonicalWaveObservableTransportGeometry/Regime/AlignmentConsumer.agda).
     Checking DASHI.Physics.Closure.CanonicalWaveObservableTransportGeometry.Regime.RefinementConsumer (/home/c/Documents/code/dashi_agda/DASHI/Physics/Closure/CanonicalWaveObservableTransportGeometry/Regime/RefinementConsumer.agda).
    Checking DASHI.Physics.Closure.CanonicalWaveObservableTransportGeometry.Regime.PrecisionConsumer (/home/c/Documents/code/dashi_agda/DASHI/Physics/Closure/CanonicalWaveObservableTransportGeometry/Regime/PrecisionConsumer.agda).
   Checking DASHI.Physics.Closure.CanonicalWaveObservableTransportGeometry.Regime.ResolutionConsumer (/home/c/Documents/code/dashi_agda/DASHI/Physics/Closure/CanonicalWaveObservableTransportGeometry/Regime/ResolutionConsumer.agda).
  Checking DASHI.Physics.Closure.CanonicalWaveObservableTransportGeometry.Regime.CalibrationConsumer (/home/c/Documents/code/dashi_agda/DASHI/Physics/Closure/CanonicalWaveObservableTransportGeometry/Regime/CalibrationConsumer.agda).
  Checking DASHI.Physics.Closure.CanonicalWaveObservableTransportGeometry.Regime.TransparencyConsumer (/home/c/Documents/code/dashi_agda/DASHI/Physics/Closure/CanonicalWaveObservableTransportGeometry/Regime/TransparencyConsumer.agda).
        Checking DASHI.Physics.Closure.CanonicalWaveObservableTransportGeometry.Regime.TraceabilityConsumer (/home/c/Documents/code/dashi_agda/DASHI/Physics/Closure/CanonicalWaveObservableTransportGeometry/Regime/TraceabilityConsumer.agda).
       Checking DASHI.Physics.Closure.CanonicalWaveObservableTransportGeometry.Regime.AuditabilityConsumer (/home/c/Documents/code/dashi_agda/DASHI/Physics/Closure/CanonicalWaveObservableTransportGeometry/Regime/AuditabilityConsumer.agda).
      Checking DASHI.Physics.Closure.CanonicalWaveObservableTransportGeometry.Regime.VerifiabilityConsumer (/home/c/Documents/code/dashi_agda/DASHI/Physics/Closure/CanonicalWaveObservableTransportGeometry/Regime/VerifiabilityConsumer.agda).
     Checking DASHI.Physics.Closure.CanonicalWaveObservableTransportGeometry.Regime.ReliabilityConsumer (/home/c/Documents/code/dashi_agda/DASHI/Physics/Closure/CanonicalWaveObservableTransportGeometry/Regime/ReliabilityConsumer.agda).
    Checking DASHI.Physics.Closure.CanonicalWaveObservableTransportGeometry.Regime.UsabilityConsumer (/home/c/Documents/code/dashi_agda/DASHI/Physics/Closure/CanonicalWaveObservableTransportGeometry/Regime/UsabilityConsumer.agda).
   Checking DASHI.Physics.Closure.CanonicalWaveObservableTransportGeometry.Regime.OperabilityConsumer (/home/c/Documents/code/dashi_agda/DASHI/Physics/Closure/CanonicalWaveObservableTransportGeometry/Regime/OperabilityConsumer.agda).
  Checking DASHI.Physics.Closure.CanonicalWaveObservableTransportGeometry.Regime.DurabilityConsumer (/home/c/Documents/code/dashi_agda/DASHI/Physics/Closure/CanonicalWaveObservableTransportGeometry/Regime/DurabilityConsumer.agda).
       Checking DASHI.Physics.Closure.CanonicalWaveObservableTransportGeometry.Regime.RepeatabilityConsumer (/home/c/Documents/code/dashi_agda/DASHI/Physics/Closure/CanonicalWaveObservableTransportGeometry/Regime/RepeatabilityConsumer.agda).
      Checking DASHI.Physics.Closure.CanonicalWaveObservableTransportGeometry.Regime.ReproducibilityConsumer (/home/c/Documents/code/dashi_agda/DASHI/Physics/Closure/CanonicalWaveObservableTransportGeometry/Regime/ReproducibilityConsumer.agda).
     Checking DASHI.Physics.Closure.CanonicalWaveObservableTransportGeometry.Regime.PortabilityConsumer (/home/c/Documents/code/dashi_agda/DASHI/Physics/Closure/CanonicalWaveObservableTransportGeometry/Regime/PortabilityConsumer.agda).
    Checking DASHI.Physics.Closure.CanonicalWaveObservableTransportGeometry.Regime.InteroperabilityConsumer (/home/c/Documents/code/dashi_agda/DASHI/Physics/Closure/CanonicalWaveObservableTransportGeometry/Regime/InteroperabilityConsumer.agda).
   Checking DASHI.Physics.Closure.CanonicalWaveObservableTransportGeometry.Regime.ComposabilityConsumer (/home/c/Documents/code/dashi_agda/DASHI/Physics/Closure/CanonicalWaveObservableTransportGeometry/Regime/ComposabilityConsumer.agda).
  Checking DASHI.Physics.Closure.CanonicalWaveObservableTransportGeometry.Regime.MaintainabilityConsumer (/home/c/Documents/code/dashi_agda/DASHI/Physics/Closure/CanonicalWaveObservableTransportGeometry/Regime/MaintainabilityConsumer.agda).
   Checking DASHI.Physics.Closure.CanonicalWaveObservableTransportGeometry.Regime.IntegrationConsumer (/home/c/Documents/code/dashi_agda/DASHI/Physics/Closure/CanonicalWaveObservableTransportGeometry/Regime/IntegrationConsumer.agda).
  Checking DASHI.Physics.Closure.CanonicalWaveObservableTransportGeometry.Regime.SynthesisConsumer (/home/c/Documents/code/dashi_agda/DASHI/Physics/Closure/CanonicalWaveObservableTransportGeometry/Regime/SynthesisConsumer.agda).
  Checking DASHI.Physics.Closure.CanonicalWaveObservableTransportGeometry.Regime.LegibilityConsumer (/home/c/Documents/code/dashi_agda/DASHI/Physics/Closure/CanonicalWaveObservableTransportGeometry/Regime/LegibilityConsumer.agda).
     Checking DASHI.Physics.Closure.Validation.SyntheticOneMinusOrientationSignatureBridge (/home/c/Documents/code/dashi_agda/DASHI/Physics/Closure/Validation/SyntheticOneMinusOrientationSignatureBridge.agda).
    Checking DASHI.Physics.Closure.Validation.SyntheticOneMinusAdmissible (/home/c/Documents/code/dashi_agda/DASHI/Physics/Closure/Validation/SyntheticOneMinusAdmissible.agda).
   Checking DASHI.Physics.Closure.Validation.RealizationProfileRigidityShift (/home/c/Documents/code/dashi_agda/DASHI/Physics/Closure/Validation/RealizationProfileRigidityShift.agda).
  Checking DASHI.Physics.Closure.MinimalCrediblePhysicsClosureValidationShiftInstance (/home/c/Documents/code/dashi_agda/DASHI/Physics/Closure/MinimalCrediblePhysicsClosureValidationShiftInstance.agda).
  Checking DASHI.Physics.Closure.CanonicalWaveObservableTransportGeometry.Regime.ClarityConsumer (/home/c/Documents/code/dashi_agda/DASHI/Physics/Closure/CanonicalWaveObservableTransportGeometry/Regime/ClarityConsumer.agda).
  Checking DASHI.Physics.Closure.CanonicalWaveObservableTransportGeometry.Regime.ExtensibilityConsumer (/home/c/Documents/code/dashi_agda/DASHI/Physics/Closure/CanonicalWaveObservableTransportGeometry/Regime/ExtensibilityConsumer.agda).
  Checking DASHI.Physics.Closure.CanonicalWaveObservableTransportGeometry.Regime.NormalizationConsumer (/home/c/Documents/code/dashi_agda/DASHI/Physics/Closure/CanonicalWaveObservableTransportGeometry/Regime/NormalizationConsumer.agda).
  Checking DASHI.Physics.Closure.CanonicalWaveObservableGeometryConsumer (/home/c/Documents/code/dashi_agda/DASHI/Physics/Closure/CanonicalWaveObservableGeometryConsumer.agda).
   Checking DASHI.Physics.Closure.QuadraticToCliffordBridgeTheorem (/home/c/Documents/code/dashi_agda/DASHI/Physics/Closure/QuadraticToCliffordBridgeTheorem.agda).
  Checking DASHI.Physics.Closure.CanonicalContractionToCliffordBridgeTheorem (/home/c/Documents/code/dashi_agda/DASHI/Physics/Closure/CanonicalContractionToCliffordBridgeTheorem.agda).
   Checking DASHI.Physics.Closure.CliffordToEvenWaveLiftBridgeTheorem (/home/c/Documents/code/dashi_agda/DASHI/Physics/Closure/CliffordToEvenWaveLiftBridgeTheorem.agda).
   Checking DASHI.Physics.QFT (/home/c/Documents/code/dashi_agda/DASHI/Physics/QFT.agda).
  Checking DASHI.Physics.Closure.KnownLimitsQFTBridgeTheorem (/home/c/Documents/code/dashi_agda/DASHI/Physics/Closure/KnownLimitsQFTBridgeTheorem.agda).
  Checking DASHI.Physics.Closure.CanonicalContractionQuadraticSignatureBridgeTheorem (/home/c/Documents/code/dashi_agda/DASHI/Physics/Closure/CanonicalContractionQuadraticSignatureBridgeTheorem.agda).
  Checking DASHI.Physics.Closure.CanonicalWaveObservableTransportGeometry.Regime.ManageabilityConsumer (/home/c/Documents/code/dashi_agda/DASHI/Physics/Closure/CanonicalWaveObservableTransportGeometry/Regime/ManageabilityConsumer.agda).
    Checking DASHI.Physics.LorentzBridge (/home/c/Documents/code/dashi_agda/DASHI/Physics/LorentzBridge.agda).
   Checking DASHI.Physics.GR (/home/c/Documents/code/dashi_agda/DASHI/Physics/GR.agda).
  Checking DASHI.Physics.Closure.KnownLimitsGRBridgeTheorem (/home/c/Documents/code/dashi_agda/DASHI/Physics/Closure/KnownLimitsGRBridgeTheorem.agda).
  Checking DASHI.Physics.Closure.CanonicalWaveObservableTransportGeometry.Regime.FusionConsumer (/home/c/Documents/code/dashi_agda/DASHI/Physics/Closure/CanonicalWaveObservableTransportGeometry/Regime/FusionConsumer.agda).
  Checking DASHI.Physics.Closure.PhysicsClosureFivePillarsTheorem (/home/c/Documents/code/dashi_agda/DASHI/Physics/Closure/PhysicsClosureFivePillarsTheorem.agda).
 Checking DASHI.Physics.Closure.CanonicalStageC (/home/c/Documents/code/dashi_agda/DASHI/Physics/Closure/CanonicalStageC.agda).
