[2026-03-10T03:52:00Z] Starting orchestrator in /home/c/Documents/code/dashi_agda
[2026-03-10T03:52:00Z] Running skill: robust-context-fetch
[2026-03-10T03:52:42Z] Skill finished with exit code 1: robust-context-fetch
[2026-03-10T03:54:18Z] Starting orchestrator in /home/c/Documents/code/dashi_agda
[2026-03-10T03:54:18Z] Running skill: update-docs-todo-implement
[2026-03-10T03:54:45Z] Starting orchestrator in /home/c/Documents/code/dashi_agda
[2026-03-10T03:54:45Z] Running skill: architect-planner
[2026-03-10T03:55:00Z] Skill finished with exit code 1: update-docs-todo-implement
[2026-03-10T03:55:21Z] Starting orchestrator in /home/c/Documents/code/dashi_agda
[2026-03-10T03:55:21Z] Running skill: repo-auditor
[2026-03-10T03:55:27Z] Skill finished with exit code 1: architect-planner
[2026-03-10T03:55:38Z] Starting orchestrator in /home/c/Documents/code/dashi_agda
[2026-03-10T03:55:38Z] Running skill: long-running-development
[2026-03-10T03:56:02Z] Skill finished with exit code 1: repo-auditor
[2026-03-10T03:56:19Z] Skill finished with exit code 1: long-running-development
[2026-03-10T04:03:37Z] Starting orchestrator in /home/c/Documents/code/dashi_agda
[2026-03-10T04:03:37Z] Project complete.
[2026-03-10T04:33:26Z] Starting orchestrator in /home/c/Documents/code/dashi_agda
[2026-03-10T04:33:26Z] Project complete.
[2026-03-10T04:36:04Z] Starting orchestrator in /home/c/Documents/code/dashi_agda
[2026-03-10T04:36:04Z] Project complete.
[2026-03-10T05:04:54Z] Starting orchestrator in /home/c/Documents/code/dashi_agda
[2026-03-10T05:04:54Z] Running skill: long-running-development
[2026-03-10T05:05:36Z] Skill finished with exit code 1: long-running-development
[2026-03-10T05:09:34Z] Starting orchestrator in /home/c/Documents/code/dashi_agda
[2026-03-10T05:09:34Z] Running skill: long-running-development
[2026-03-10T05:15:58Z] Skill finished with exit code 0: long-running-development
[2026-03-10T05:20:27Z] Starting orchestrator in /home/c/Documents/code/dashi_agda
[2026-03-10T05:20:27Z] Running skill: long-running-development
[2026-03-10T05:29:34Z] Starting orchestrator in /home/c/Documents/code/dashi_agda
[2026-03-10T05:29:34Z] Project complete.
[2026-03-10T11:32:18Z] Starting orchestrator in /home/c/Documents/code/dashi_agda
[2026-03-10T11:32:18Z] Running skill: long-running-development
