This is pdfTeX, Version 3.141592653-2.6-1.40.29 (TeX Live 2026/Arch Linux) (preloaded format=pdflatex 2026.3.12)  25 JUN 2026 18:32
entering extended mode
 restricted \write18 enabled.
 %&-line parsing enabled.
**YangMillsClayTrackAuditManuscript.tex
(./YangMillsClayTrackAuditManuscript.tex
LaTeX2e <2025-11-01>
L3 programming layer <2026-01-19>
(/usr/share/texmf-dist/tex/latex/base/article.cls
Document Class: article 2025/01/22 v1.4n Standard LaTeX document class
(/usr/share/texmf-dist/tex/latex/base/size11.clo
File: size11.clo 2025/01/22 v1.4n Standard LaTeX file (size option)
)
\c@part=\count275
\c@section=\count276
\c@subsection=\count277
\c@subsubsection=\count278
\c@paragraph=\count279
\c@subparagraph=\count280
\c@figure=\count281
\c@table=\count282
\abovecaptionskip=\skip49
\belowcaptionskip=\skip50
\bibindent=\dimen148
)
(/usr/share/texmf-dist/tex/latex/base/inputenc.sty
Package: inputenc 2024/02/08 v1.3d Input encoding file
\inpenc@prehook=\toks17
\inpenc@posthook=\toks18
)
(/usr/share/texmf-dist/tex/latex/base/fontenc.sty
Package: fontenc 2025/07/18 v2.1d Standard LaTeX package
)
(/usr/share/texmf-dist/tex/latex/amsmath/amsmath.sty
Package: amsmath 2025/07/09 v2.17z AMS math features
\@mathmargin=\skip51

For additional information on amsmath, use the `?' option.
(/usr/share/texmf-dist/tex/latex/amsmath/amstext.sty
Package: amstext 2024/11/17 v2.01 AMS text

(/usr/share/texmf-dist/tex/latex/amsmath/amsgen.sty
File: amsgen.sty 1999/11/30 v2.0 generic functions
\@emptytoks=\toks19
\ex@=\dimen149
))
(/usr/share/texmf-dist/tex/latex/amsmath/amsbsy.sty
Package: amsbsy 1999/11/29 v1.2d Bold Symbols
\pmbraise@=\dimen150
)
(/usr/share/texmf-dist/tex/latex/amsmath/amsopn.sty
Package: amsopn 2022/04/08 v2.04 operator names
)
\inf@bad=\count283
LaTeX Info: Redefining \frac on input line 233.
\uproot@=\count284
\leftroot@=\count285
LaTeX Info: Redefining \overline on input line 398.
LaTeX Info: Redefining \colon on input line 409.
\classnum@=\count286
\DOTSCASE@=\count287
LaTeX Info: Redefining \ldots on input line 495.
LaTeX Info: Redefining \dots on input line 498.
LaTeX Info: Redefining \cdots on input line 619.
\Mathstrutbox@=\box53
\strutbox@=\box54
LaTeX Info: Redefining \big on input line 721.
LaTeX Info: Redefining \Big on input line 722.
LaTeX Info: Redefining \bigg on input line 723.
LaTeX Info: Redefining \Bigg on input line 724.
\big@size=\dimen151
LaTeX Font Info:    Redeclaring font encoding OML on input line 742.
LaTeX Font Info:    Redeclaring font encoding OMS on input line 743.
\macc@depth=\count288
LaTeX Info: Redefining \bmod on input line 904.
LaTeX Info: Redefining \pmod on input line 909.
LaTeX Info: Redefining \smash on input line 939.
LaTeX Info: Redefining \relbar on input line 969.
LaTeX Info: Redefining \Relbar on input line 970.
\c@MaxMatrixCols=\count289
\dotsspace@=\muskip17
\c@parentequation=\count290
\dspbrk@lvl=\count291
\tag@help=\toks20
\row@=\count292
\column@=\count293
\maxfields@=\count294
\andhelp@=\toks21
\eqnshift@=\dimen152
\alignsep@=\dimen153
\tagshift@=\dimen154
\tagwidth@=\dimen155
\totwidth@=\dimen156
\lineht@=\dimen157
\@envbody=\toks22
\multlinegap=\skip52
\multlinetaggap=\skip53
\mathdisplay@stack=\toks23
LaTeX Info: Redefining \[ on input line 2950.
LaTeX Info: Redefining \] on input line 2951.
)
(/usr/share/texmf-dist/tex/latex/amsfonts/amssymb.sty
Package: amssymb 2013/01/14 v3.01 AMS font symbols

(/usr/share/texmf-dist/tex/latex/amsfonts/amsfonts.sty
Package: amsfonts 2013/01/14 v3.01 Basic AMSFonts support
\symAMSa=\mathgroup4
\symAMSb=\mathgroup5
LaTeX Font Info:    Redeclaring math symbol \hbar on input line 98.
LaTeX Font Info:    Overwriting math alphabet `\mathfrak' in version `bold'
(Font)                  U/euf/m/n --> U/euf/b/n on input line 106.
))
(/usr/share/texmf-dist/tex/latex/amscls/amsthm.sty
Package: amsthm 2020/05/29 v2.20.6
\thm@style=\toks24
\thm@bodyfont=\toks25
\thm@headfont=\toks26
\thm@notefont=\toks27
\thm@headpunct=\toks28
\thm@preskip=\skip54
\thm@postskip=\skip55
\thm@headsep=\skip56
\dth@everypar=\toks29
)
(/usr/share/texmf-dist/tex/latex/geometry/geometry.sty
Package: geometry 2020/01/02 v5.9 Page Geometry

(/usr/share/texmf-dist/tex/latex/graphics/keyval.sty
Package: keyval 2022/05/29 v1.15 key=value parser (DPC)
\KV@toks@=\toks30
)
(/usr/share/texmf-dist/tex/generic/iftex/ifvtex.sty
Package: ifvtex 2019/10/25 v1.7 ifvtex legacy package. Use iftex instead.

(/usr/share/texmf-dist/tex/generic/iftex/iftex.sty
Package: iftex 2024/12/12 v1.0g TeX engine tests
))
\Gm@cnth=\count295
\Gm@cntv=\count296
\c@Gm@tempcnt=\count297
\Gm@bindingoffset=\dimen158
\Gm@wd@mp=\dimen159
\Gm@odd@mp=\dimen160
\Gm@even@mp=\dimen161
\Gm@layoutwidth=\dimen162
\Gm@layoutheight=\dimen163
\Gm@layouthoffset=\dimen164
\Gm@layoutvoffset=\dimen165
\Gm@dimlist=\toks31
)
(/usr/share/texmf-dist/tex/latex/hyperref/hyperref.sty
Package: hyperref 2026-01-29 v7.01p Hypertext links for LaTeX

(/usr/share/texmf-dist/tex/latex/kvsetkeys/kvsetkeys.sty
Package: kvsetkeys 2022-10-05 v1.19 Key value parser (HO)
)
(/usr/share/texmf-dist/tex/generic/kvdefinekeys/kvdefinekeys.sty
Package: kvdefinekeys 2019-12-19 v1.6 Define keys (HO)
)
(/usr/share/texmf-dist/tex/generic/pdfescape/pdfescape.sty
Package: pdfescape 2019/12/09 v1.15 Implements pdfTeX's escape features (HO)

(/usr/share/texmf-dist/tex/generic/ltxcmds/ltxcmds.sty
Package: ltxcmds 2023-12-04 v1.26 LaTeX kernel commands for general use (HO)
)
(/usr/share/texmf-dist/tex/generic/pdftexcmds/pdftexcmds.sty
Package: pdftexcmds 2020-06-27 v0.33 Utility functions of pdfTeX for LuaTeX (HO
)

(/usr/share/texmf-dist/tex/generic/infwarerr/infwarerr.sty
Package: infwarerr 2019/12/03 v1.5 Providing info/warning/error messages (HO)
)
Package pdftexcmds Info: \pdf@primitive is available.
Package pdftexcmds Info: \pdf@ifprimitive is available.
Package pdftexcmds Info: \pdfdraftmode found.
))
(/usr/share/texmf-dist/tex/latex/hycolor/hycolor.sty
Package: hycolor 2020-01-27 v1.10 Color options for hyperref/bookmark (HO)
)
(/usr/share/texmf-dist/tex/latex/hyperref/nameref.sty
Package: nameref 2026-01-29 v2.58 Cross-referencing by name of section

(/usr/share/texmf-dist/tex/latex/refcount/refcount.sty
Package: refcount 2019/12/15 v3.6 Data extraction from label references (HO)
)
(/usr/share/texmf-dist/tex/generic/gettitlestring/gettitlestring.sty
Package: gettitlestring 2019/12/15 v1.6 Cleanup title references (HO)

(/usr/share/texmf-dist/tex/latex/kvoptions/kvoptions.sty
Package: kvoptions 2022-06-15 v3.15 Key value format for package options (HO)
))
\c@section@level=\count298
)
(/usr/share/texmf-dist/tex/latex/etoolbox/etoolbox.sty
Package: etoolbox 2025/10/02 v2.5m e-TeX tools for LaTeX (JAW)
\etb@tempcnta=\count299
)
(/usr/share/texmf-dist/tex/generic/stringenc/stringenc.sty
Package: stringenc 2019/11/29 v1.12 Convert strings between diff. encodings (HO
)
)
\@linkdim=\dimen166
\Hy@linkcounter=\count300
\Hy@pagecounter=\count301

(/usr/share/texmf-dist/tex/latex/hyperref/pd1enc.def
File: pd1enc.def 2026-01-29 v7.01p Hyperref: PDFDocEncoding definition (HO)
Now handling font encoding PD1 ...
... no UTF-8 mapping file for font encoding PD1
)
(/usr/share/texmf-dist/tex/generic/intcalc/intcalc.sty
Package: intcalc 2019/12/15 v1.3 Expandable calculations with integers (HO)
)
\Hy@SavedSpaceFactor=\count302

(/usr/share/texmf-dist/tex/latex/hyperref/puenc.def
File: puenc.def 2026-01-29 v7.01p Hyperref: PDF Unicode definition (HO)
Now handling font encoding PU ...
... no UTF-8 mapping file for font encoding PU
)
Package hyperref Info: Hyper figures OFF on input line 4201.
Package hyperref Info: Link nesting OFF on input line 4206.
Package hyperref Info: Hyper index ON on input line 4209.
Package hyperref Info: Plain pages OFF on input line 4216.
Package hyperref Info: Backreferencing OFF on input line 4221.
Package hyperref Info: Implicit mode ON; LaTeX internals redefined.
Package hyperref Info: Bookmarks ON on input line 4468.
\c@Hy@tempcnt=\count303

(/usr/share/texmf-dist/tex/latex/url/url.sty
\Urlmuskip=\muskip18
Package: url 2013/09/16  ver 3.4  Verb mode for urls, etc.
)
LaTeX Info: Redefining \url on input line 4807.
\XeTeXLinkMargin=\dimen167

(/usr/share/texmf-dist/tex/generic/bitset/bitset.sty
Package: bitset 2019/12/09 v1.3 Handle bit-vector datatype (HO)

(/usr/share/texmf-dist/tex/generic/bigintcalc/bigintcalc.sty
Package: bigintcalc 2019/12/15 v1.5 Expandable calculations on big integers (HO
)
))
\Fld@menulength=\count304
\Field@Width=\dimen168
\Fld@charsize=\dimen169
Package hyperref Info: Hyper figures OFF on input line 6084.
Package hyperref Info: Link nesting OFF on input line 6089.
Package hyperref Info: Hyper index ON on input line 6092.
Package hyperref Info: backreferencing OFF on input line 6099.
Package hyperref Info: Link coloring OFF on input line 6104.
Package hyperref Info: Link coloring with OCG OFF on input line 6109.
Package hyperref Info: PDF/A mode OFF on input line 6114.
\Hy@abspage=\count305
\c@Item=\count306
\c@Hfootnote=\count307
)
Package hyperref Info: Driver (autodetected): hpdftex.

(/usr/share/texmf-dist/tex/latex/hyperref/hpdftex.def
File: hpdftex.def 2026-01-29 v7.01p Hyperref driver for pdfTeX
\Fld@listcount=\count308
\c@bookmark@seq@number=\count309

(/usr/share/texmf-dist/tex/latex/rerunfilecheck/rerunfilecheck.sty
Package: rerunfilecheck 2025-06-21 v1.11 Rerun checks for auxiliary files (HO)

(/usr/share/texmf-dist/tex/generic/uniquecounter/uniquecounter.sty
Package: uniquecounter 2019/12/15 v1.4 Provide unlimited unique counter (HO)
)
Package uniquecounter Info: New unique counter `rerunfilecheck' on input line 2
84.
)
\Hy@SectionHShift=\skip57
)
(/usr/share/texmf-dist/tex/latex/tools/verbatim.sty
Package: verbatim 2024-01-22 v1.5x LaTeX2e package for verbatim enhancements
\every@verbatim=\toks32
\verbatim@line=\toks33
\verbatim@in@stream=\read2
)
(/usr/share/texmf-dist/tex/latex/booktabs/booktabs.sty
Package: booktabs 2020/01/12 v1.61803398 Publication quality tables
\heavyrulewidth=\dimen170
\lightrulewidth=\dimen171
\cmidrulewidth=\dimen172
\belowrulesep=\dimen173
\belowbottomsep=\dimen174
\aboverulesep=\dimen175
\abovetopsep=\dimen176
\cmidrulesep=\dimen177
\cmidrulekern=\dimen178
\defaultaddspace=\dimen179
\@cmidla=\count310
\@cmidlb=\count311
\@aboverulesep=\dimen180
\@belowrulesep=\dimen181
\@thisruleclass=\count312
\@lastruleclass=\count313
\@thisrulewidth=\dimen182
)
(/usr/share/texmf-dist/tex/latex/tools/tabularx.sty
Package: tabularx 2023/12/11 v2.12a `tabularx' package (DPC)

(/usr/share/texmf-dist/tex/latex/tools/array.sty
Package: array 2025/09/25 v2.6n Tabular extension package (FMi)
\col@sep=\dimen183
\ar@mcellbox=\box55
\extrarowheight=\dimen184
\NC@list=\toks34
\extratabsurround=\skip58
\backup@length=\skip59
\ar@cellbox=\box56
)
\TX@col@width=\dimen185
\TX@old@table=\dimen186
\TX@old@col=\dimen187
\TX@target=\dimen188
\TX@delta=\dimen189
\TX@cols=\count314
\TX@ftn=\toks35
)
(/usr/share/texmf-dist/tex/latex/enumitem/enumitem.sty
Package: enumitem 2025/02/06 v3.11 Customized lists
\labelindent=\skip60
\enit@outerparindent=\dimen190
\enit@toks=\toks36
\enit@inbox=\box57
\enit@count@id=\count315
\enitdp@description=\count316
)
(/usr/share/texmf-dist/tex/latex/xcolor/xcolor.sty
Package: xcolor 2024/09/29 v3.02 LaTeX color extensions (UK)

(/usr/share/texmf-dist/tex/latex/graphics-cfg/color.cfg
File: color.cfg 2016/01/02 v1.6 sample color configuration
)
Package xcolor Info: Driver file: pdftex.def on input line 274.

(/usr/share/texmf-dist/tex/latex/graphics-def/pdftex.def
File: pdftex.def 2025/09/29 v1.2d Graphics/color driver for pdftex
)
(/usr/share/texmf-dist/tex/latex/graphics/mathcolor.ltx)
Package xcolor Info: Model `cmy' substituted by `cmy0' on input line 1349.
Package xcolor Info: Model `hsb' substituted by `rgb' on input line 1353.
Package xcolor Info: Model `RGB' extended on input line 1365.
Package xcolor Info: Model `HTML' substituted by `rgb' on input line 1367.
Package xcolor Info: Model `Hsb' substituted by `hsb' on input line 1368.
Package xcolor Info: Model `tHsb' substituted by `hsb' on input line 1369.
Package xcolor Info: Model `HSB' substituted by `hsb' on input line 1370.
Package xcolor Info: Model `Gray' substituted by `gray' on input line 1371.
Package xcolor Info: Model `wave' substituted by `hsb' on input line 1372.
)
\c@theorem=\count317

(/usr/share/texmf-dist/tex/latex/l3backend/l3backend-pdftex.def
File: l3backend-pdftex.def 2025-10-09 L3 backend support: PDF output (pdfTeX)
\l__color_backend_stack_int=\count318
)
(./YangMillsClayTrackAuditManuscript.aux)
\openout1 = `YangMillsClayTrackAuditManuscript.aux'.

LaTeX Font Info:    Checking defaults for OML/cmm/m/it on input line 25.
LaTeX Font Info:    ... okay on input line 25.
LaTeX Font Info:    Checking defaults for OMS/cmsy/m/n on input line 25.
LaTeX Font Info:    ... okay on input line 25.
LaTeX Font Info:    Checking defaults for OT1/cmr/m/n on input line 25.
LaTeX Font Info:    ... okay on input line 25.
LaTeX Font Info:    Checking defaults for T1/cmr/m/n on input line 25.
LaTeX Font Info:    ... okay on input line 25.
LaTeX Font Info:    Checking defaults for TS1/cmr/m/n on input line 25.
LaTeX Font Info:    ... okay on input line 25.
LaTeX Font Info:    Checking defaults for OMX/cmex/m/n on input line 25.
LaTeX Font Info:    ... okay on input line 25.
LaTeX Font Info:    Checking defaults for U/cmr/m/n on input line 25.
LaTeX Font Info:    ... okay on input line 25.
LaTeX Font Info:    Checking defaults for PD1/pdf/m/n on input line 25.
LaTeX Font Info:    ... okay on input line 25.
LaTeX Font Info:    Checking defaults for PU/pdf/m/n on input line 25.
LaTeX Font Info:    ... okay on input line 25.

*geometry* driver: auto-detecting
*geometry* detected driver: pdftex
*geometry* verbose mode - [ preamble ] result:
* driver: pdftex
* paper: a4paper
* layout: <same size as paper>
* layoutoffset:(h,v)=(0.0pt,0.0pt)
* modes: 
* h-part:(L,W,R)=(72.26999pt, 452.9679pt, 72.26999pt)
* v-part:(T,H,B)=(72.26999pt, 700.50687pt, 72.26999pt)
* \paperwidth=597.50787pt
* \paperheight=845.04684pt
* \textwidth=452.9679pt
* \textheight=700.50687pt
* \oddsidemargin=0.0pt
* \evensidemargin=0.0pt
* \topmargin=-37.0pt
* \headheight=12.0pt
* \headsep=25.0pt
* \topskip=11.0pt
* \footskip=30.0pt
* \marginparwidth=50.0pt
* \marginparsep=10.0pt
* \columnsep=10.0pt
* \skip\footins=10.0pt plus 4.0pt minus 2.0pt
* \hoffset=0.0pt
* \voffset=0.0pt
* \mag=1000
* \@twocolumnfalse
* \@twosidefalse
* \@mparswitchfalse
* \@reversemarginfalse
* (1in=72.27pt=25.4mm, 1cm=28.453pt)

Package hyperref Info: Link coloring OFF on input line 25.
(./YangMillsClayTrackAuditManuscript.out)
(./YangMillsClayTrackAuditManuscript.out)
\@outlinefile=\write3
\openout3 = `YangMillsClayTrackAuditManuscript.out'.


(/usr/share/texmf-dist/tex/context/base/mkii/supp-pdf.mkii
[Loading MPS to PDF converter (version 2006.09.02).]
\scratchcounter=\count319
\scratchdimen=\dimen191
\scratchbox=\box58
\nofMPsegments=\count320
\nofMParguments=\count321
\everyMPshowfont=\toks37
\MPscratchCnt=\count322
\MPscratchDim=\dimen192
\MPnumerator=\count323
\makeMPintoPDFobject=\count324
\everyMPtoPDFconversion=\toks38
)
LaTeX Font Info:    Trying to load font information for U+msa on input line 28.

 (/usr/share/texmf-dist/tex/latex/amsfonts/umsa.fd
File: umsa.fd 2013/01/14 v3.01 AMS symbols A
)
LaTeX Font Info:    Trying to load font information for U+msb on input line 28.


(/usr/share/texmf-dist/tex/latex/amsfonts/umsb.fd
File: umsb.fd 2013/01/14 v3.01 AMS symbols B
) [1

{/var/lib/texmf/fonts/map/pdftex/updmap/pdftex.map}{/usr/share/texmf-dist/fonts
/enc/dvips/cm-super/cm-super-t1.enc}]
Overfull \hbox (251.16635pt too wide) in paragraph at lines 107--111
\T1/cmr/m/it/10.95 in-hab-ited fi-nite Gate 3 re-ceipt, \T1/cmtt/m/it/10.95 can
onicalGate3DiscreteGeometryReceipt \T1/cmr/m/it/10.95 in \T1/cmtt/m/it/10.95 DA
SHI.Physics.Closure.YangMillsGate3DiscreteGeometryReceipt\T1/cmr/m/it/10.95 .
 []


Overfull \hbox (40.96638pt too wide) in paragraph at lines 113--118
[]\T1/cmr/bx/it/10.95 Finite dis-crete forms \T1/cmr/m/it/10.95 (\T1/cmtt/m/it/
10.95 canonicalDiscreteForms\T1/cmr/m/it/10.95 ): $[] \OT1/cmr/m/n/10.95 = []$\
T1/cmr/m/it/10.95 ,
 []


Overfull \hbox (94.23364pt too wide) in paragraph at lines 113--118
[] \OT1/cmr/m/n/10.95 = []$\T1/cmr/m/it/10.95 , $[] \OT1/cmr/m/n/10.95 = []$\T1
/cmr/m/it/10.95 ,
 []


Overfull \hbox (0.95285pt too wide) in paragraph at lines 119--123
[]\T1/cmr/bx/it/10.95 Depth-9 con-nec-tion sur-face \T1/cmr/m/it/10.95 (\T1/cmt
t/m/it/10.95 canonicalConnectionOnDepth9\T1/cmr/m/it/10.95 ): $[] \OT1/cmr/m/n/
10.95 =
 []


Overfull \hbox (90.95047pt too wide) in paragraph at lines 119--123
[]$\T1/cmr/m/it/10.95 , $[] \OT1/cmr/m/n/10.95 = []$\T1/cmr/m/it/10.95 ,
 []


Overfull \hbox (362.01205pt too wide) detected at line 131
[] \OT1/cmr/m/n/10.95 : [][][] \OMS/cmsy/m/n/10.95 ^^Q []
 []


Overfull \hbox (42.36804pt too wide) in paragraph at lines 135--139
[]\T1/cmr/bx/it/10.95 Local fi-nite non-abelian al-ge-bra\T1/cmr/m/it/10.95 : $
[] \OT1/cmr/m/n/10.95 = []$\T1/cmr/m/it/10.95 , $[] \OT1/cmr/m/n/10.95 =
 []


Overfull \hbox (51.34187pt too wide) in paragraph at lines 135--139
[]$\T1/cmr/m/it/10.95 , $[] \OT1/cmr/m/n/10.95 = []$\T1/cmr/m/it/10.95 . 
 []


Overfull \hbox (97.05046pt too wide) in paragraph at lines 140--142
[]\T1/cmr/bx/it/10.95 Local op-er-a-tor law $\OML/cmm/m/it/10.95 D[] \OT1/cmr/m
/n/10.95 = [\OML/cmm/m/it/10.95 F[]; \OMS/cmsy/m/n/10.95 ^^A\OT1/cmr/m/n/10.95 
]$ \T1/cmr/m/it/10.95 on 0-forms: $[]$. 
 []


Overfull \hbox (226.24976pt too wide) in paragraph at lines 162--165
[]\T1/cmr/m/n/10.95 The depth-9 car-rier cur-va-ture 2-form is to-tal over all 
avail-able pla-que-ttes (\T1/cmtt/m/n/10.95 depth9FiniteCurvatureComponentCover
sEveryAvailable2Cell\T1/cmr/m/n/10.95 ).
 []


Overfull \hbox (14.45926pt too wide) in paragraph at lines 168--177
\T1/cmr/m/n/10.95 In the ter-mi-nal source-intake ar-chi-tec-ture, the ear-lier
 DASHI block-ers \T1/cmtt/m/n/10.95 BalabanPhysicalBetaBridge
 []

[2]
Overfull \hbox (14.06117pt too wide) in paragraph at lines 207--213
\T1/cmr/m/n/10.95 Yoshida--Guionnet--Zegarlinski cri-te-rion) closes the gap de
-ferred by Re-mark 5.3 of (2602.0088).
 []


Overfull \hbox (4.74292pt too wide) in paragraph at lines 215--220
[]\T1/cmr/m/n/10.95 Assumption A2 (per-link os-cil-la-tion bound with $\OT1/cmr
/m/n/10.95 2[]$
 []


Overfull \hbox (66.52252pt too wide) detected at line 261
[]
 []

[3]
Overfull \hbox (29.12614pt too wide) in paragraph at lines 327--333
\T1/cmr/m/n/10.95 field reg-u-lar-ity to single-link pos-i-tiv-ity. The down-st
ream gates \T1/cmtt/m/n/10.95 anisotropicDiameterLossControlled\T1/cmr/m/n/10.9
5 ,
 []

[4]
Overfull \hbox (145.76393pt too wide) detected at line 371
[]
 []

! Missing $ inserted.
<inserted text> 
                $
l.417 \end{tabularx}
                    
I've inserted a begin-math/end-math symbol since I think
you left one out. Proceed, with fingers crossed.

! Missing $ inserted.
<inserted text> 
                $
l.417 \end{tabularx}
                    
I've inserted a begin-math/end-math symbol since I think
you left one out. Proceed, with fingers crossed.

! Missing $ inserted.
<inserted text> 
                $
l.417 \end{tabularx}
                    
I've inserted a begin-math/end-math symbol since I think
you left one out. Proceed, with fingers crossed.

! Missing $ inserted.
<inserted text> 
                $
l.417 \end{tabularx}
                    
I've inserted a begin-math/end-math symbol since I think
you left one out. Proceed, with fingers crossed.

! Missing $ inserted.
<inserted text> 
                $
l.417 \end{tabularx}
                    
I've inserted a begin-math/end-math symbol since I think
you left one out. Proceed, with fingers crossed.

! Missing $ inserted.
<inserted text> 
                $
l.417 \end{tabularx}
                    
I've inserted a begin-math/end-math symbol since I think
you left one out. Proceed, with fingers crossed.

! Missing $ inserted.
<inserted text> 
                $
l.417 \end{tabularx}
                    
I've inserted a begin-math/end-math symbol since I think
you left one out. Proceed, with fingers crossed.

! Missing $ inserted.
<inserted text> 
                $
l.417 \end{tabularx}
                    
I've inserted a begin-math/end-math symbol since I think
you left one out. Proceed, with fingers crossed.


Overfull \hbox (10.54561pt too wide) in paragraph at lines 417--417
[]|[]| 
 []


Overfull \hbox (1.18275pt too wide) in paragraph at lines 417--417
[]|[]| 
 []


Overfull \hbox (18.01106pt too wide) in paragraph at lines 417--417
[]|[]| 
 []


Overfull \hbox (12.01889pt too wide) in paragraph at lines 417--417
[]|[]| 
 []


Overfull \hbox (2.75723pt too wide) in paragraph at lines 417--417
[]|[]| 
 []

! Missing $ inserted.
<inserted text> 
                $
l.417 \end{tabularx}
                    
I've inserted a begin-math/end-math symbol since I think
you left one out. Proceed, with fingers crossed.

! Missing $ inserted.
<inserted text> 
                $
l.417 \end{tabularx}
                    
I've inserted a begin-math/end-math symbol since I think
you left one out. Proceed, with fingers crossed.


Overfull \hbox (10.10744pt too wide) in paragraph at lines 417--417
[]|[]| 
 []

! Missing $ inserted.
<inserted text> 
                $
l.417 \end{tabularx}
                    
I've inserted a begin-math/end-math symbol since I think
you left one out. Proceed, with fingers crossed.

! Missing $ inserted.
<inserted text> 
                $
l.417 \end{tabularx}
                    
I've inserted a begin-math/end-math symbol since I think
you left one out. Proceed, with fingers crossed.


Overfull \hbox (25.3502pt too wide) in alignment at lines 417--417
[][][][] 
 []

[5] [6] [7{/usr/share/texmf-dist/fonts/enc/dvips/cm-super/cm-super-ts1.enc}]
[8]
Overfull \hbox (31.80005pt too wide) in paragraph at lines 722--725
[]\T1/cmr/bx/n/10.95 Type-checking of the de-pen-dency struc-ture: \T1/cmr/m/n/
10.95 the gate records in \T1/cmtt/m/n/10.95 PostulateInventory.agda
 []

[9]
Underfull \hbox (badness 6575) in paragraph at lines 780--784
[]\T1/cmr/m/n/10.95 L. Eriks-son (2026). \T1/cmr/m/it/10.95 RG-Cauchy summa-bil
-ity for blocked Yang--Mills ob-serv-ables\T1/cmr/m/n/10.95 .
 []


Underfull \hbox (badness 3260) in paragraph at lines 820--824
[]\T1/cmr/m/n/10.95 L. Eriks-son (2026). \T1/cmr/m/it/10.95 Mas-ter map: the Er
iksson--BaŞaban Yang--Mills ar-chi-tec-ture\T1/cmr/m/n/10.95 .
 []

[10] [11] (./YangMillsClayTrackAuditManuscript.aux)
 ***********
LaTeX2e <2025-11-01>
L3 programming layer <2026-01-19>
 ***********
Package rerunfilecheck Info: File `YangMillsClayTrackAuditManuscript.out' has n
ot changed.
(rerunfilecheck)             Checksum: CE785404ECFF5CB8C3FDFC114EBF333D;5503.
 ) 
Here is how much of TeX's memory you used:
 11293 strings out of 469515
 167956 string characters out of 5470807
 600904 words of memory out of 5000000
 39728 multiletter control sequences out of 15000+600000
 651548 words of font info for 99 fonts, out of 8000000 for 9000
 15 hyphenation exceptions out of 8191
 75i,16n,79p,570b,579s stack positions out of 10000i,1000n,20000p,200000b,200000s
</usr/share/texmf-dist/fonts/type1/public/amsfonts/cm/cmex10.pfb></usr/share/
texmf-dist/fonts/type1/public/amsfonts/cm/cmmi10.pfb></usr/share/texmf-dist/fon
ts/type1/public/amsfonts/cm/cmmi6.pfb></usr/share/texmf-dist/fonts/type1/public
/amsfonts/cm/cmmi8.pfb></usr/share/texmf-dist/fonts/type1/public/amsfonts/cm/cm
r10.pfb></usr/share/texmf-dist/fonts/type1/public/amsfonts/cm/cmr6.pfb></usr/sh
are/texmf-dist/fonts/type1/public/amsfonts/cm/cmr8.pfb></usr/share/texmf-dist/f
onts/type1/public/amsfonts/cm/cmsy10.pfb></usr/share/texmf-dist/fonts/type1/pub
lic/amsfonts/cm/cmsy8.pfb></usr/share/texmf-dist/fonts/type1/public/amsfonts/sy
mbols/msbm10.pfb></usr/share/texmf-dist/fonts/type1/public/cm-super/sfbi1095.pf
b></usr/share/texmf-dist/fonts/type1/public/cm-super/sfbx1000.pfb></usr/share/t
exmf-dist/fonts/type1/public/cm-super/sfbx1095.pfb></usr/share/texmf-dist/fonts
/type1/public/cm-super/sfbx1200.pfb></usr/share/texmf-dist/fonts/type1/public/c
m-super/sfbx1440.pfb></usr/share/texmf-dist/fonts/type1/public/cm-super/sfit109
5.pfb></usr/share/texmf-dist/fonts/type1/public/cm-super/sfrm0800.pfb></usr/sha
re/texmf-dist/fonts/type1/public/cm-super/sfrm1000.pfb></usr/share/texmf-dist/f
onts/type1/public/cm-super/sfrm1095.pfb></usr/share/texmf-dist/fonts/type1/publ
ic/cm-super/sfrm1200.pfb></usr/share/texmf-dist/fonts/type1/public/cm-super/sfr
m1728.pfb></usr/share/texmf-dist/fonts/type1/public/cm-super/sfti1095.pfb></usr
/share/texmf-dist/fonts/type1/public/cm-super/sftt0800.pfb></usr/share/texmf-di
st/fonts/type1/public/cm-super/sftt1000.pfb></usr/share/texmf-dist/fonts/type1/
public/cm-super/sftt1095.pfb>
Output written on YangMillsClayTrackAuditManuscript.pdf (11 pages, 555104 bytes
).
PDF statistics:
 367 PDF objects out of 1000 (max. 8388607)
 295 compressed objects within 3 object streams
 75 named destinations out of 1000 (max. 500000)
 201 words of extra memory for PDF output out of 10000 (max. 10000000)

