{
  "authority": {
    "clay_authority": false,
    "empirical_non_promoting": true,
    "theorem_authority": false
  },
  "contract": "preregistered_frozen_packet_coercivity_trace_comparison_nonpromoting",
  "event_rule": "first adjacent positive-input/viscous-loss window starting at or after the sampled frozen-packet peak with ratio <= 1",
  "factor_decline_fraction": 0.8,
  "traces": [
    {
      "authority": {
        "candidate_only": true,
        "clay_authority": false,
        "empirical_non_promoting": true,
        "promoted": false,
        "theorem_authority": false
      },
      "backend": "gpu",
      "contract": "ns_normalized_profile_quotient_audit_nonpromoting",
      "endpoint_frozen_packet_ratio": 0.1123491209482769,
      "factors": {
        "components": {
          "alignment": {
            "decline_threshold": 0.06280481269640147,
            "factor_prepeak_maximum_time": 1.094,
            "first_decline_after_factor_peak_time": 1.6280000000000001,
            "first_postpeak_decline_time": 1.727,
            "focused_window_start_time": 1.094,
            "focused_window_start_to_packet_peak_ratio": 0.772707283290501,
            "prepeak_maximum": 0.07850601587050182,
            "value_at_endpoint": 0.02260969848492986,
            "value_at_focused_window_start": 0.07850601587050182,
            "value_at_peak": 0.06066217024525642
          },
          "forcing": {
            "decline_threshold": 189.29892037540233,
            "factor_prepeak_maximum_time": 0.0,
            "first_decline_after_factor_peak_time": 1.094,
            "first_postpeak_decline_time": 1.727,
            "focused_window_start_time": 1.094,
            "focused_window_start_to_packet_peak_ratio": 0.8990205072924244,
            "prepeak_maximum": 236.6236504692529,
            "value_at_endpoint": 42.38842476228228,
            "value_at_focused_window_start": 166.97657001038985,
            "value_at_peak": 150.1153606766897
          },
          "geometry": {
            "decline_threshold": 0.13024140012961596,
            "factor_prepeak_maximum_time": 0.0,
            "first_decline_after_factor_peak_time": 1.094,
            "first_postpeak_decline_time": 1.727,
            "focused_window_start_time": 1.094,
            "focused_window_start_to_packet_peak_ratio": 0.9050758413955298,
            "prepeak_maximum": 0.16280175016201995,
            "value_at_endpoint": 0.10028762625728481,
            "value_at_focused_window_start": 0.121086131442817,
            "value_at_peak": 0.10959213229693732
          }
        },
        "decline_fraction": 0.8,
        "maximum_absolute_factorisation_residual": 4.440892098500626e-16,
        "status": "available"
      },
      "focused_window_start_time": 1.094,
      "frozen_balance_trapezoid_residual": -0.2204212817910014,
      "peak": {
        "packet": 1.143022462147705,
        "time": 1.712
      },
      "postpeak_gamma_sample_downcrossing_time": 1.727,
      "postpeak_gamma_window_downcrossing": {
        "end_time": 1.727,
        "positive_coercivity_ratio": 0.9929477281164562,
        "positive_nonlinear_input": 0.002839940890898339,
        "start_time": 1.712,
        "viscous_loss": 0.0028601111725039987
      },
      "receipt": "scripts/data/outputs/ns_interaction_closure_production/ns_frozen_packet_coercivity_focus/baseline_parabolic.json",
      "trace_count": 100,
      "warning": "finite-Galerkin descriptive comparison only; shape metrics are secondary and no causal ordering is inferred from this report"
    },
    {
      "authority": {
        "candidate_only": true,
        "clay_authority": false,
        "empirical_non_promoting": true,
        "promoted": false,
        "theorem_authority": false
      },
      "backend": "gpu",
      "contract": "ns_normalized_profile_quotient_audit_nonpromoting",
      "endpoint_frozen_packet_ratio": 0.11357468366077848,
      "factors": {
        "components": {
          "alignment": {
            "decline_threshold": 0.06314459055288904,
            "factor_prepeak_maximum_time": 1.094,
            "first_decline_after_factor_peak_time": 1.6420000000000001,
            "first_postpeak_decline_time": 1.741,
            "focused_window_start_time": 1.094,
            "focused_window_start_to_packet_peak_ratio": 0.7701002956427951,
            "prepeak_maximum": 0.0789307381911113,
            "value_at_endpoint": 0.025264404396771144,
            "value_at_focused_window_start": 0.0789307381911113,
            "value_at_peak": 0.06078458481627887
          },
          "forcing": {
            "decline_threshold": 190.36021750517193,
            "factor_prepeak_maximum_time": 0.0,
            "first_decline_after_factor_peak_time": 1.094,
            "first_postpeak_decline_time": 1.741,
            "focused_window_start_time": 1.094,
            "focused_window_start_to_packet_peak_ratio": 0.897562973929202,
            "prepeak_maximum": 237.9502718814649,
            "value_at_endpoint": 42.65711284094402,
            "value_at_focused_window_start": 167.86022750222688,
            "value_at_peak": 150.66512500133118
          },
          "geometry": {
            "decline_threshold": 0.1311419918658276,
            "factor_prepeak_maximum_time": 0.0,
            "first_decline_after_factor_peak_time": 1.094,
            "first_postpeak_decline_time": 1.741,
            "focused_window_start_time": 1.094,
            "focused_window_start_to_packet_peak_ratio": 0.9022036037937738,
            "prepeak_maximum": 0.16392748983228447,
            "value_at_endpoint": 0.09998584239895973,
            "value_at_focused_window_start": 0.12152107308763872,
            "value_at_peak": 0.10963675007655424
          }
        },
        "decline_fraction": 0.8,
        "maximum_absolute_factorisation_residual": 6.661338147750939e-16,
        "status": "available"
      },
      "focused_window_start_time": 1.094,
      "frozen_balance_trapezoid_residual": -0.23845955547960207,
      "peak": {
        "packet": 1.1470155505735566,
        "time": 1.727
      },
      "postpeak_gamma_sample_downcrossing_time": 1.741,
      "postpeak_gamma_window_downcrossing": {
        "end_time": 1.741,
        "positive_coercivity_ratio": 0.9993853951235029,
        "positive_nonlinear_input": 0.002674649301545981,
        "start_time": 1.727,
        "viscous_loss": 0.002676294164990725
      },
      "receipt": "scripts/data/outputs/ns_interaction_closure_production/ns_frozen_packet_coercivity_focus/radial_neg_0p04_parabolic.json",
      "trace_count": 100,
      "warning": "finite-Galerkin descriptive comparison only; shape metrics are secondary and no causal ordering is inferred from this report"
    },
    {
      "authority": {
        "candidate_only": true,
        "clay_authority": false,
        "empirical_non_promoting": true,
        "promoted": false,
        "theorem_authority": false
      },
      "backend": "gpu",
      "contract": "ns_normalized_profile_quotient_audit_nonpromoting",
      "endpoint_frozen_packet_ratio": 0.11221915034501372,
      "factors": {
        "components": {
          "alignment": {
            "decline_threshold": 0.06298262699040788,
            "factor_prepeak_maximum_time": 1.094,
            "first_decline_after_factor_peak_time": 1.6280000000000001,
            "first_postpeak_decline_time": 1.727,
            "focused_window_start_time": 1.094,
            "focused_window_start_to_packet_peak_ratio": 0.7701039460018936,
            "prepeak_maximum": 0.07872828373800984,
            "value_at_endpoint": 0.026316291540731906,
            "value_at_focused_window_start": 0.07872828373800984,
            "value_at_peak": 0.060628961968598086
          },
          "forcing": {
            "decline_threshold": 189.32913553489576,
            "factor_prepeak_maximum_time": 0.0,
            "first_decline_after_factor_peak_time": 1.094,
            "first_postpeak_decline_time": 1.727,
            "focused_window_start_time": 1.094,
            "focused_window_start_to_packet_peak_ratio": 0.8988904588172856,
            "prepeak_maximum": 236.6614194186197,
            "value_at_endpoint": 42.018183088536325,
            "value_at_focused_window_start": 167.06382069856065,
            "value_at_peak": 150.17207443949792
          },
          "geometry": {
            "decline_threshold": 0.13024140006312648,
            "factor_prepeak_maximum_time": 0.0,
            "first_decline_after_factor_peak_time": 1.094,
            "first_postpeak_decline_time": 1.727,
            "focused_window_start_time": 1.094,
            "focused_window_start_to_packet_peak_ratio": 0.9051040198110327,
            "prepeak_maximum": 0.1628017500789081,
            "value_at_endpoint": 0.10032774587970103,
            "value_at_focused_window_start": 0.12107586619653884,
            "value_at_peak": 0.10958625319659004
          }
        },
        "decline_fraction": 0.8,
        "maximum_absolute_factorisation_residual": 4.440892098500626e-16,
        "status": "available"
      },
      "focused_window_start_time": 1.094,
      "frozen_balance_trapezoid_residual": -0.22335263697788932,
      "peak": {
        "packet": 1.1435035381550223,
        "time": 1.712
      },
      "postpeak_gamma_sample_downcrossing_time": 1.727,
      "postpeak_gamma_window_downcrossing": {
        "end_time": 1.727,
        "positive_coercivity_ratio": 0.992659141133641,
        "positive_nonlinear_input": 0.002840602767921418,
        "start_time": 1.712,
        "viscous_loss": 0.002861609438943342
      },
      "receipt": "scripts/data/outputs/ns_interaction_closure_production/ns_frozen_packet_coercivity_focus/phase_pos_0p04_parabolic.json",
      "trace_count": 100,
      "warning": "finite-Galerkin descriptive comparison only; shape metrics are secondary and no causal ordering is inferred from this report"
    },
    {
      "authority": {
        "candidate_only": true,
        "clay_authority": false,
        "empirical_non_promoting": true,
        "promoted": false,
        "theorem_authority": false
      },
      "backend": "gpu",
      "contract": "ns_normalized_profile_quotient_audit_nonpromoting",
      "endpoint_frozen_packet_ratio": 0.11228539237757072,
      "factors": {
        "components": {
          "alignment": {
            "decline_threshold": 0.06293437533758721,
            "factor_prepeak_maximum_time": 1.094,
            "first_decline_after_factor_peak_time": 1.6420000000000001,
            "first_postpeak_decline_time": 1.727,
            "focused_window_start_time": 1.094,
            "focused_window_start_to_packet_peak_ratio": 0.7750116182212319,
            "prepeak_maximum": 0.078667969171984,
            "value_at_endpoint": 0.026563603735673003,
            "value_at_focused_window_start": 0.078667969171984,
            "value_at_peak": 0.0609685900901573
          },
          "forcing": {
            "decline_threshold": 189.46902455074408,
            "factor_prepeak_maximum_time": 0.0,
            "first_decline_after_factor_peak_time": 1.094,
            "first_postpeak_decline_time": 1.727,
            "focused_window_start_time": 1.094,
            "focused_window_start_to_packet_peak_ratio": 0.8963703061770416,
            "prepeak_maximum": 236.8362806884301,
            "value_at_endpoint": 43.35515040774193,
            "value_at_focused_window_start": 166.5649187271553,
            "value_at_peak": 149.30384719781424
          },
          "geometry": {
            "decline_threshold": 0.1302414001409603,
            "factor_prepeak_maximum_time": 0.0,
            "first_decline_after_factor_peak_time": 1.094,
            "first_postpeak_decline_time": 1.727,
            "focused_window_start_time": 1.094,
            "focused_window_start_to_packet_peak_ratio": 0.9054965697357783,
            "prepeak_maximum": 0.16280175017620038,
            "value_at_endpoint": 0.10073294022971972,
            "value_at_focused_window_start": 0.12103434646516548,
            "value_at_peak": 0.10959618554441906
          }
        },
        "decline_fraction": 0.8,
        "maximum_absolute_factorisation_residual": 4.440892098500626e-16,
        "status": "available"
      },
      "focused_window_start_time": 1.094,
      "frozen_balance_trapezoid_residual": -0.22378131605917506,
      "peak": {
        "packet": 1.144448407529061,
        "time": 1.712
      },
      "postpeak_gamma_sample_downcrossing_time": 1.727,
      "postpeak_gamma_window_downcrossing": {
        "end_time": 1.727,
        "positive_coercivity_ratio": 0.9925670043831673,
        "positive_nonlinear_input": 0.002842131692832855,
        "start_time": 1.712,
        "viscous_loss": 0.0028634154473018204
      },
      "receipt": "scripts/data/outputs/ns_interaction_closure_production/ns_frozen_packet_coercivity_focus/coherence_pos_0p04_parabolic.json",
      "trace_count": 100,
      "warning": "finite-Galerkin descriptive comparison only; shape metrics are secondary and no causal ordering is inferred from this report"
    }
  ]
}
