== DASHI/Everything.agda ==
command: timeout 600s agda -i . -i DCHoTT-Agda -i cubical -l standard-library DASHI/Everything.agda
started: 2026-06-11T11:50:48+10:00

Checking DASHI.Everything (/home/c/Documents/code/dashi_agda/DASHI/Everything.agda).
 Checking DASHI.Physics.Closure.UnificationCrossTermToModuloNullConsumerCompositeLightweightBoundary (/home/c/Documents/code/dashi_agda/DASHI/Physics/Closure/UnificationCrossTermToModuloNullConsumerCompositeLightweightBoundary.agda).
  Checking DASHI.Unified.Physics (/home/c/Documents/code/dashi_agda/DASHI/Unified/Physics.agda).
 Checking DASHI.Unified.Everything (/home/c/Documents/code/dashi_agda/DASHI/Unified/Everything.agda).
 Checking DASHI.Physics.Closure.SchrodingerSelfAdjointEvolutionReceipt (/home/c/Documents/code/dashi_agda/DASHI/Physics/Closure/SchrodingerSelfAdjointEvolutionReceipt.agda).
 Checking DASHI.Physics.Closure.FieldStrengthTransportOnGaugeBundle (/home/c/Documents/code/dashi_agda/DASHI/Physics/Closure/FieldStrengthTransportOnGaugeBundle.agda).
 Checking DASHI.Physics.Closure.CarrierToPhysicsFunctorAdjoint (/home/c/Documents/code/dashi_agda/DASHI/Physics/Closure/CarrierToPhysicsFunctorAdjoint.agda).
  Checking DASHI.Physics.QFT.DHRSectorFunctoriality (/home/c/Documents/code/dashi_agda/DASHI/Physics/QFT/DHRSectorFunctoriality.agda).
 Checking DASHI.Physics.QFT.CarrierFunctorPrimeLaneLaws (/home/c/Documents/code/dashi_agda/DASHI/Physics/QFT/CarrierFunctorPrimeLaneLaws.agda).
 Checking DASHI.Physics.Closure.CrossGateConsistency (/home/c/Documents/code/dashi_agda/DASHI/Physics/Closure/CrossGateConsistency.agda).
  Checking DASHI.Physics.Closure.HiggsElectroweakBoundary (/home/c/Documents/code/dashi_agda/DASHI/Physics/Closure/HiggsElectroweakBoundary.agda).
 Checking DASHI.Physics.Closure.CrossGateCompositionTheorems (/home/c/Documents/code/dashi_agda/DASHI/Physics/Closure/CrossGateCompositionTheorems.agda).
 Checking DASHI.Physics.Closure.InformationParadoxCrossGateObstruction (/home/c/Documents/code/dashi_agda/DASHI/Physics/Closure/InformationParadoxCrossGateObstruction.agda).
 Checking DASHI.Physics.Closure.CKMPredictionFrontierReceipt (/home/c/Documents/code/dashi_agda/DASHI/Physics/Closure/CKMPredictionFrontierReceipt.agda).
 Checking DASHI.Physics.Closure.CKMVusCarrierPredictionTargetReceipt (/home/c/Documents/code/dashi_agda/DASHI/Physics/Closure/CKMVusCarrierPredictionTargetReceipt.agda).
 Checking DASHI.Physics.Closure.CabibboAngleCarrierReceipt (/home/c/Documents/code/dashi_agda/DASHI/Physics/Closure/CabibboAngleCarrierReceipt.agda).
   Checking DASHI.Physics.QFT.Gate6FinitePrimeLaneLocalEndomorphismCategory (/home/c/Documents/code/dashi_agda/DASHI/Physics/QFT/Gate6FinitePrimeLaneLocalEndomorphismCategory.agda).
  Checking DASHI.Physics.QFT.ArbitrarySectorClosureReceipt (/home/c/Documents/code/dashi_agda/DASHI/Physics/QFT/ArbitrarySectorClosureReceipt.agda).
 Checking DASHI.Physics.Closure.G12FromDHRSectorsReceipt (/home/c/Documents/code/dashi_agda/DASHI/Physics/Closure/G12FromDHRSectorsReceipt.agda).
 Checking DASHI.Physics.Closure.WolfensteinLambdaAFromCarrierReceipt (/home/c/Documents/code/dashi_agda/DASHI/Physics/Closure/WolfensteinLambdaAFromCarrierReceipt.agda).
  Checking DASHI.Physics.Closure.CarrierHiggsMassReceipt (/home/c/Documents/code/dashi_agda/DASHI/Physics/Closure/CarrierHiggsMassReceipt.agda).
 Checking DASHI.Physics.Closure.GoldenRatioUnifyingReceipt (/home/c/Documents/code/dashi_agda/DASHI/Physics/Closure/GoldenRatioUnifyingReceipt.agda).
 Checking DASHI.Physics.Closure.PenguinDecayCKMLoopFactorProjection (/home/c/Documents/code/dashi_agda/DASHI/Physics/Closure/PenguinDecayCKMLoopFactorProjection.agda).
 Checking DASHI.Physics.Closure.PenguinDecayC9C10P5PrimePredictionTargetReceipt (/home/c/Documents/code/dashi_agda/DASHI/Physics/Closure/PenguinDecayC9C10P5PrimePredictionTargetReceipt.agda).
 Checking DASHI.Physics.Closure.PenguinDecayCarrierDerivedC9ConstraintTargetReceipt (/home/c/Documents/code/dashi_agda/DASHI/Physics/Closure/PenguinDecayCarrierDerivedC9ConstraintTargetReceipt.agda).
 Checking DASHI.Physics.Closure.YMCharacterExpansionContinuumReformulationReceipt (/home/c/Documents/code/dashi_agda/DASHI/Physics/Closure/YMCharacterExpansionContinuumReformulationReceipt.agda).
 Checking DASHI.Physics.Closure.ActualPolymerActivityDefinitionReceipt (/home/c/Documents/code/dashi_agda/DASHI/Physics/Closure/ActualPolymerActivityDefinitionReceipt.agda).
 Checking DASHI.Physics.Closure.BalabanRGScaleTransferFrontierReceipt (/home/c/Documents/code/dashi_agda/DASHI/Physics/Closure/BalabanRGScaleTransferFrontierReceipt.agda).
 Checking DASHI.Physics.Closure.BoundaryParameterAdapterAlgebra (/home/c/Documents/code/dashi_agda/DASHI/Physics/Closure/BoundaryParameterAdapterAlgebra.agda).
 Checking DASHI.Physics.Closure.ContractiveCorrelationDecayReceipt (/home/c/Documents/code/dashi_agda/DASHI/Physics/Closure/ContractiveCorrelationDecayReceipt.agda).
 Checking DASHI.Physics.QFT.FilteredColimitPreservationInstance (/home/c/Documents/code/dashi_agda/DASHI/Physics/QFT/FilteredColimitPreservationInstance.agda).
 Checking DASHI.Physics.Closure.TraversalGroupStrongContinuity (/home/c/Documents/code/dashi_agda/DASHI/Physics/Closure/TraversalGroupStrongContinuity.agda).
 Checking DASHI.Physics.Closure.StoneTheoremCarrierReceipt (/home/c/Documents/code/dashi_agda/DASHI/Physics/Closure/StoneTheoremCarrierReceipt.agda).
 Checking DASHI.Physics.Closure.PhysicalHilbertColimitObligation (/home/c/Documents/code/dashi_agda/DASHI/Physics/Closure/PhysicalHilbertColimitObligation.agda).
 Checking DASHI.Physics.Closure.GNSCarrierQuotientReceipt (/home/c/Documents/code/dashi_agda/DASHI/Physics/Closure/GNSCarrierQuotientReceipt.agda).
 Checking DASHI.Physics.Closure.MillenniumSchemaIsomorphismReceipt (/home/c/Documents/code/dashi_agda/DASHI/Physics/Closure/MillenniumSchemaIsomorphismReceipt.agda).
  Checking DASHI.Physics.Closure.YMClayUpdatedBlockerReceipt (/home/c/Documents/code/dashi_agda/DASHI/Physics/Closure/YMClayUpdatedBlockerReceipt.agda).
 Checking DASHI.Physics.Closure.MillenniumSchemaBlockerMapReceipt (/home/c/Documents/code/dashi_agda/DASHI/Physics/Closure/MillenniumSchemaBlockerMapReceipt.agda).
 Checking DASHI.Physics.Closure.EllipticBootstrapReceipt (/home/c/Documents/code/dashi_agda/DASHI/Physics/Closure/EllipticBootstrapReceipt.agda).
 Checking DASHI.Physics.Closure.WaveletOrthogonalityGeneralArgumentReceipt (/home/c/Documents/code/dashi_agda/DASHI/Physics/Closure/WaveletOrthogonalityGeneralArgumentReceipt.agda).
  Checking DASHI.Physics.Closure.Phase2ProgrammeReceipt (/home/c/Documents/code/dashi_agda/DASHI/Physics/Closure/Phase2ProgrammeReceipt.agda).
 Checking DASHI.Physics.Closure.NSFinalStateReceipt (/home/c/Documents/code/dashi_agda/DASHI/Physics/Closure/NSFinalStateReceipt.agda).
 Checking DASHI.Physics.Closure.NSVorticityNoMechanismReceipt (/home/c/Documents/code/dashi_agda/DASHI/Physics/Closure/NSVorticityNoMechanismReceipt.agda).
 Checking DASHI.Physics.Closure.NSCarrierFrequencyProgrammeStatusReceipt (/home/c/Documents/code/dashi_agda/DASHI/Physics/Closure/NSCarrierFrequencyProgrammeStatusReceipt.agda).
 Checking DASHI.Physics.Closure.WolfensteinLambdaAsYukawaDepthReceipt (/home/c/Documents/code/dashi_agda/DASHI/Physics/Closure/WolfensteinLambdaAsYukawaDepthReceipt.agda).
 Checking DASHI.Physics.Closure.AnomalyCancellationTableReceipt (/home/c/Documents/code/dashi_agda/DASHI/Physics/Closure/AnomalyCancellationTableReceipt.agda).
 Checking DASHI.Physics.Closure.SU2SU3DecouplingLemmaReceipt (/home/c/Documents/code/dashi_agda/DASHI/Physics/Closure/SU2SU3DecouplingLemmaReceipt.agda).
 Checking DASHI.Physics.Closure.HeckeCircleU1YReceipt (/home/c/Documents/code/dashi_agda/DASHI/Physics/Closure/HeckeCircleU1YReceipt.agda).
 Checking DASHI.Physics.Closure.SMGaugeGroupCandidatePromotionReceipt (/home/c/Documents/code/dashi_agda/DASHI/Physics/Closure/SMGaugeGroupCandidatePromotionReceipt.agda).
 Checking DASHI.Physics.Closure.CKMDiagnosticSummaryReceipt (/home/c/Documents/code/dashi_agda/DASHI/Physics/Closure/CKMDiagnosticSummaryReceipt.agda).
 Checking DASHI.Physics.Closure.PhysicalCKMPromotionStatusReceipt (/home/c/Documents/code/dashi_agda/DASHI/Physics/Closure/PhysicalCKMPromotionStatusReceipt.agda).
 Checking DASHI.Physics.Closure.QCDRunningFromCarrierScaleReceipt (/home/c/Documents/code/dashi_agda/DASHI/Physics/Closure/QCDRunningFromCarrierScaleReceipt.agda).
 Checking DASHI.Physics.Closure.YML3TightnessFromDimensionalTransmutationReceipt (/home/c/Documents/code/dashi_agda/DASHI/Physics/Closure/YML3TightnessFromDimensionalTransmutationReceipt.agda).
 Checking DASHI.Physics.Closure.YMClayGapRefinedReceipt (/home/c/Documents/code/dashi_agda/DASHI/Physics/Closure/YMClayGapRefinedReceipt.agda).
 Checking DASHI.Physics.Closure.YML3TightnessInhabitedReceipt (/home/c/Documents/code/dashi_agda/DASHI/Physics/Closure/YML3TightnessInhabitedReceipt.agda).
 Checking DASHI.Physics.Closure.YML4ContinuumLimitInhabitedReceipt (/home/c/Documents/code/dashi_agda/DASHI/Physics/Closure/YML4ContinuumLimitInhabitedReceipt.agda).
 Checking DASHI.Physics.Closure.YML5OSAxiomsInhabitedReceipt (/home/c/Documents/code/dashi_agda/DASHI/Physics/Closure/YML5OSAxiomsInhabitedReceipt.agda).
 Checking DASHI.Physics.Closure.YML6WightmanReconstructionInhabitedReceipt (/home/c/Documents/code/dashi_agda/DASHI/Physics/Closure/YML6WightmanReconstructionInhabitedReceipt.agda).
 Checking DASHI.Physics.Closure.YML7L8MassGapInhabitedReceipt (/home/c/Documents/code/dashi_agda/DASHI/Physics/Closure/YML7L8MassGapInhabitedReceipt.agda).
 Checking DASHI.Physics.Closure.ClayComputedVisualizationSynthesisReceipt (/home/c/Documents/code/dashi_agda/DASHI/Physics/Closure/ClayComputedVisualizationSynthesisReceipt.agda).
 Checking DASHI.Physics.Closure.ClayRefinedDiagnosticTargetsReceipt (/home/c/Documents/code/dashi_agda/DASHI/Physics/Closure/ClayRefinedDiagnosticTargetsReceipt.agda).
      Checking DASHI.Physics.Closure.ClaySprintFiftyFourNo2CycleResolutionCadenceAuditReceipt (/home/c/Documents/code/dashi_agda/DASHI/Physics/Closure/ClaySprintFiftyFourNo2CycleResolutionCadenceAuditReceipt.agda).
     Checking DASHI.Physics.Closure.ClaySprintFiftyFiveLagrangianStretchActionAuditReceipt (/home/c/Documents/code/dashi_agda/DASHI/Physics/Closure/ClaySprintFiftyFiveLagrangianStretchActionAuditReceipt.agda).
    Checking DASHI.Physics.Closure.ClaySprintFiftySixPacketLocalStretchActionAuditReceipt (/home/c/Documents/code/dashi_agda/DASHI/Physics/Closure/ClaySprintFiftySixPacketLocalStretchActionAuditReceipt.agda).
   Checking DASHI.Physics.Closure.ClaySprintFiftySevenVesselActionReconciliationReceipt (/home/c/Documents/code/dashi_agda/DASHI/Physics/Closure/ClaySprintFiftySevenVesselActionReconciliationReceipt.agda).
  Checking DASHI.Physics.Closure.ClaySprintFiftyEightNormalizedActionInflationReceipt (/home/c/Documents/code/dashi_agda/DASHI/Physics/Closure/ClaySprintFiftyEightNormalizedActionInflationReceipt.agda).
 Checking DASHI.Physics.Closure.NSFastestClayPathReceipt (/home/c/Documents/code/dashi_agda/DASHI/Physics/Closure/NSFastestClayPathReceipt.agda).
 Checking DASHI.Physics.Closure.NSHminusHalfGateDecisionPivotReceipt (/home/c/Documents/code/dashi_agda/DASHI/Physics/Closure/NSHminusHalfGateDecisionPivotReceipt.agda).
   Checking DASHI.Physics.Closure.NSSprint83HminusHalfCanonicalLaneReceipt (/home/c/Documents/code/dashi_agda/DASHI/Physics/Closure/NSSprint83HminusHalfCanonicalLaneReceipt.agda).
  Checking DASHI.Physics.Closure.NSSprint84HminusHalfOneSobolevGapTargetReceipt (/home/c/Documents/code/dashi_agda/DASHI/Physics/Closure/NSSprint84HminusHalfOneSobolevGapTargetReceipt.agda).
 Checking DASHI.Physics.Closure.NSSprint86KStarHHalfTailObstructionReceipt (/home/c/Documents/code/dashi_agda/DASHI/Physics/Closure/NSSprint86KStarHHalfTailObstructionReceipt.agda).
 Checking DASHI.Physics.Closure.NSSprint87DangerShellSupFactorizationReceipt (/home/c/Documents/code/dashi_agda/DASHI/Physics/Closure/NSSprint87DangerShellSupFactorizationReceipt.agda).
 Checking DASHI.Physics.Closure.NSSprint88DangerShellH1TailSmallnessDecisionReceipt (/home/c/Documents/code/dashi_agda/DASHI/Physics/Closure/NSSprint88DangerShellH1TailSmallnessDecisionReceipt.agda).
 Checking DASHI.Physics.Closure.NSSprint89PointwiseH1TailCandidateMechanismReceipt (/home/c/Documents/code/dashi_agda/DASHI/Physics/Closure/NSSprint89PointwiseH1TailCandidateMechanismReceipt.agda).
 Checking DASHI.Physics.Closure.NSSprint90LocalEnstrophyDangerShellReductionReceipt (/home/c/Documents/code/dashi_agda/DASHI/Physics/Closure/NSSprint90LocalEnstrophyDangerShellReductionReceipt.agda).
 Checking DASHI.Physics.Closure.NSSprint91LocalizedFluxIdentityAndCoefficientBudget (/home/c/Documents/code/dashi_agda/DASHI/Physics/Closure/NSSprint91LocalizedFluxIdentityAndCoefficientBudget.agda).
 Checking DASHI.Physics.Closure.NSSprint92MovingKStarLocalizationBoundary (/home/c/Documents/code/dashi_agda/DASHI/Physics/Closure/NSSprint92MovingKStarLocalizationBoundary.agda).
 Checking DASHI.Physics.Closure.NSSprint93DominancePointwiseCoefficientLedger (/home/c/Documents/code/dashi_agda/DASHI/Physics/Closure/NSSprint93DominancePointwiseCoefficientLedger.agda).
 Checking DASHI.Physics.Closure.NSSprint94KStarForkObstructionAndConditionalRegularity (/home/c/Documents/code/dashi_agda/DASHI/Physics/Closure/NSSprint94KStarForkObstructionAndConditionalRegularity.agda).
 Checking DASHI.Physics.Closure.NSSprint95OptionBBlowupFeasibilityLedger (/home/c/Documents/code/dashi_agda/DASHI/Physics/Closure/NSSprint95OptionBBlowupFeasibilityLedger.agda).
 Checking DASHI.Physics.Closure.NSSprint96KStarCollapseMechanismConstraints (/home/c/Documents/code/dashi_agda/DASHI/Physics/Closure/NSSprint96KStarCollapseMechanismConstraints.agda).
 Checking DASHI.Physics.Closure.NSSprint97KStarCollapseSourceBarrier (/home/c/Documents/code/dashi_agda/DASHI/Physics/Closure/NSSprint97KStarCollapseSourceBarrier.agda).
 Checking DASHI.Physics.Closure.NSSprint98LowModeEnergyConcentrationDynamics (/home/c/Documents/code/dashi_agda/DASHI/Physics/Closure/NSSprint98LowModeEnergyConcentrationDynamics.agda).
 Checking DASHI.Physics.Closure.NSSprint99ResidenceTimeAgainstViscosity (/home/c/Documents/code/dashi_agda/DASHI/Physics/Closure/NSSprint99ResidenceTimeAgainstViscosity.agda).
 Checking DASHI.Physics.Closure.NSSprint100TimeIntegratedFluxSurplus (/home/c/Documents/code/dashi_agda/DASHI/Physics/Closure/NSSprint100TimeIntegratedFluxSurplus.agda).
 Checking DASHI.Physics.Closure.NSSprint101SignedLowModeFluxLowerBound (/home/c/Documents/code/dashi_agda/DASHI/Physics/Closure/NSSprint101SignedLowModeFluxLowerBound.agda).
 Checking DASHI.Physics.Closure.NSSprint102StrainCompressionReduction (/home/c/Documents/code/dashi_agda/DASHI/Physics/Closure/NSSprint102StrainCompressionReduction.agda).
 Checking DASHI.Physics.Closure.NSSprint103StrainCompressionGeometryGate (/home/c/Documents/code/dashi_agda/DASHI/Physics/Closure/NSSprint103StrainCompressionGeometryGate.agda).
 Checking DASHI.Physics.Closure.NSSprint104HighFrequencyConcentrationMeasure (/home/c/Documents/code/dashi_agda/DASHI/Physics/Closure/NSSprint104HighFrequencyConcentrationMeasure.agda).
 Checking DASHI.Physics.Closure.NSSprint105DyadicShellEnergyDensity (/home/c/Documents/code/dashi_agda/DASHI/Physics/Closure/NSSprint105DyadicShellEnergyDensity.agda).
 Checking DASHI.Physics.Closure.NSSprint106LittlewoodPaleyShellProjector (/home/c/Documents/code/dashi_agda/DASHI/Physics/Closure/NSSprint106LittlewoodPaleyShellProjector.agda).
 Checking DASHI.Physics.Closure.NSSprint107SmoothDyadicCutoffPartition (/home/c/Documents/code/dashi_agda/DASHI/Physics/Closure/NSSprint107SmoothDyadicCutoffPartition.agda).
 Checking DASHI.Physics.Closure.NSSprint108RadialBumpFunctionConstruction (/home/c/Documents/code/dashi_agda/DASHI/Physics/Closure/NSSprint108RadialBumpFunctionConstruction.agda).
 Checking DASHI.Physics.Closure.NSSprint109SmoothCompactSupportWitness (/home/c/Documents/code/dashi_agda/DASHI/Physics/Closure/NSSprint109SmoothCompactSupportWitness.agda).
 Checking DASHI.Physics.Closure.NSSprint110BaseExpSmoothFunction (/home/c/Documents/code/dashi_agda/DASHI/Physics/Closure/NSSprint110BaseExpSmoothFunction.agda).
 Checking DASHI.Physics.Closure.NSSprint111LPGrafakosInfrastructureAndStrainRefocus (/home/c/Documents/code/dashi_agda/DASHI/Physics/Closure/NSSprint111LPGrafakosInfrastructureAndStrainRefocus.agda).
 Checking DASHI.Physics.Closure.NSSprint112ThickCoreCrowDominanceRegime (/home/c/Documents/code/dashi_agda/DASHI/Physics/Closure/NSSprint112ThickCoreCrowDominanceRegime.agda).
 Checking DASHI.Physics.Closure.NSSprint113CrowPersistenceUnderNSEvolution (/home/c/Documents/code/dashi_agda/DASHI/Physics/Closure/NSSprint113CrowPersistenceUnderNSEvolution.agda).
 Checking DASHI.Physics.Closure.NSSprint114ThinCoreCrowReconnectionWindow (/home/c/Documents/code/dashi_agda/DASHI/Physics/Closure/NSSprint114ThinCoreCrowReconnectionWindow.agda).
 Checking DASHI.Physics.Closure.NSSprint115ReconnectionFluxBudget (/home/c/Documents/code/dashi_agda/DASHI/Physics/Closure/NSSprint115ReconnectionFluxBudget.agda).
 Checking DASHI.Physics.Closure.NSSprint116OptionBCrowObstruction (/home/c/Documents/code/dashi_agda/DASHI/Physics/Closure/NSSprint116OptionBCrowObstruction.agda).
 Checking DASHI.Physics.Closure.NSSprint117GeneralVolumeSuppression (/home/c/Documents/code/dashi_agda/DASHI/Physics/Closure/NSSprint117GeneralVolumeSuppression.agda).
 Checking DASHI.Physics.Closure.NSSprint118NonCircularGeometricCorrelation (/home/c/Documents/code/dashi_agda/DASHI/Physics/Closure/NSSprint118NonCircularGeometricCorrelation.agda).
 Checking DASHI.Physics.Closure.NSSprint119PersistentAlignmentExistence (/home/c/Documents/code/dashi_agda/DASHI/Physics/Closure/NSSprint119PersistentAlignmentExistence.agda).
 Checking DASHI.Physics.Closure.NSSprint120GeneralLinearStrainAntiCorrelation (/home/c/Documents/code/dashi_agda/DASHI/Physics/Closure/NSSprint120GeneralLinearStrainAntiCorrelation.agda).
 Checking DASHI.Physics.Closure.NSSprint121RotatingStrainDecorrelationMechanism (/home/c/Documents/code/dashi_agda/DASHI/Physics/Closure/NSSprint121RotatingStrainDecorrelationMechanism.agda).
 Checking DASHI.Physics.Closure.NSSprint122NonCircularRotatingStrainPersistenceBound (/home/c/Documents/code/dashi_agda/DASHI/Physics/Closure/NSSprint122NonCircularRotatingStrainPersistenceBound.agda).
 Checking DASHI.Physics.Closure.NSSprint123RotatingFramePhaseLockingEstimate (/home/c/Documents/code/dashi_agda/DASHI/Physics/Closure/NSSprint123RotatingFramePhaseLockingEstimate.agda).
 Checking DASHI.Physics.Closure.NSSprint124ZeroMeanFluxOverRotationCycle (/home/c/Documents/code/dashi_agda/DASHI/Physics/Closure/NSSprint124ZeroMeanFluxOverRotationCycle.agda).
 Checking DASHI.Physics.Closure.NSSprint126LogGapAuditAndAxisymmetricPivot (/home/c/Documents/code/dashi_agda/DASHI/Physics/Closure/NSSprint126LogGapAuditAndAxisymmetricPivot.agda).
 Checking DASHI.Physics.Closure.NSSprint127AxisymmetricBoundaryVortexStretchingGate (/home/c/Documents/code/dashi_agda/DASHI/Physics/Closure/NSSprint127AxisymmetricBoundaryVortexStretchingGate.agda).
 Checking DASHI.Physics.Closure.SpectralTowerTheoremTarget (/home/c/Documents/code/dashi_agda/DASHI/Physics/Closure/SpectralTowerTheoremTarget.agda).
 Checking DASHI.Physics.Closure.YMFourStepsConditionalReceipt (/home/c/Documents/code/dashi_agda/DASHI/Physics/Closure/YMFourStepsConditionalReceipt.agda).
    Checking DASHI.Physics.QFT.BraidingMorphismReceipt (/home/c/Documents/code/dashi_agda/DASHI/Physics/QFT/BraidingMorphismReceipt.agda).
   Checking DASHI.Physics.QFT.ConformalSpinFromCMReceipt (/home/c/Documents/code/dashi_agda/DASHI/Physics/QFT/ConformalSpinFromCMReceipt.agda).
  Checking DASHI.Physics.QFT.AnyonicSectorPhysicsReceipt (/home/c/Documents/code/dashi_agda/DASHI/Physics/QFT/AnyonicSectorPhysicsReceipt.agda).
 Checking DASHI.Physics.Closure.MixedParticleClaimPacketReceipt (/home/c/Documents/code/dashi_agda/DASHI/Physics/Closure/MixedParticleClaimPacketReceipt.agda).
 Checking DASHI.Physics.Closure.ExperimentalPressureFrontierReceipt (/home/c/Documents/code/dashi_agda/DASHI/Physics/Closure/ExperimentalPressureFrontierReceipt.agda).
 Checking DASHI.Physics.Closure.ClayProofCampaignDependencyDAGReceipt (/home/c/Documents/code/dashi_agda/DASHI/Physics/Closure/ClayProofCampaignDependencyDAGReceipt.agda).
 Checking DASHI.Physics.Closure.ClayRequisiteKernelLemmaReceipt (/home/c/Documents/code/dashi_agda/DASHI/Physics/Closure/ClayRequisiteKernelLemmaReceipt.agda).
 Checking DASHI.Physics.Closure.ClayNumericPrecisionCorrectionReceipt (/home/c/Documents/code/dashi_agda/DASHI/Physics/Closure/ClayNumericPrecisionCorrectionReceipt.agda).
 Checking DASHI.Physics.Closure.ClayKPCorrectedSeriesIdentityReceipt (/home/c/Documents/code/dashi_agda/DASHI/Physics/Closure/ClayKPCorrectedSeriesIdentityReceipt.agda).
 Checking DASHI.Physics.Closure.ClayOwnBrainCompletionReceipt (/home/c/Documents/code/dashi_agda/DASHI/Physics/Closure/ClayOwnBrainCompletionReceipt.agda).
 Checking DASHI.Physics.Closure.ClayThreeWorkerImplementationAssignmentReceipt (/home/c/Documents/code/dashi_agda/DASHI/Physics/Closure/ClayThreeWorkerImplementationAssignmentReceipt.agda).
 Checking DASHI.Physics.Closure.ClaySprintThreeSixWorkerAssignmentReceipt (/home/c/Documents/code/dashi_agda/DASHI/Physics/Closure/ClaySprintThreeSixWorkerAssignmentReceipt.agda).
 Checking DASHI.Physics.Closure.ClaySprintThreeImplementationWorkOrderReceipt (/home/c/Documents/code/dashi_agda/DASHI/Physics/Closure/ClaySprintThreeImplementationWorkOrderReceipt.agda).
 Checking DASHI.Physics.Closure.ClaySprintThreeShortestPathReceipt (/home/c/Documents/code/dashi_agda/DASHI/Physics/Closure/ClaySprintThreeShortestPathReceipt.agda).
 Checking DASHI.Physics.Closure.ClayPromotionFlagFlipLemmaReceipt (/home/c/Documents/code/dashi_agda/DASHI/Physics/Closure/ClayPromotionFlagFlipLemmaReceipt.agda).
 Checking DASHI.Physics.Closure.ClaySprintFiveSixWorkerAssignmentReceipt (/home/c/Documents/code/dashi_agda/DASHI/Physics/Closure/ClaySprintFiveSixWorkerAssignmentReceipt.agda).
 Checking DASHI.Physics.Closure.ClaySprintSixFlagFlipReceipt (/home/c/Documents/code/dashi_agda/DASHI/Physics/Closure/ClaySprintSixFlagFlipReceipt.agda).
 Checking DASHI.Physics.Closure.ClaySprintSixTransferWorkerAssignmentReceipt (/home/c/Documents/code/dashi_agda/DASHI/Physics/Closure/ClaySprintSixTransferWorkerAssignmentReceipt.agda).
 Checking DASHI.Physics.Closure.ClaySprintSevenAttackResultReceipt (/home/c/Documents/code/dashi_agda/DASHI/Physics/Closure/ClaySprintSevenAttackResultReceipt.agda).
 Checking DASHI.Physics.Closure.NSLadyzhenskayaCubicObstructionReceipt (/home/c/Documents/code/dashi_agda/DASHI/Physics/Closure/NSLadyzhenskayaCubicObstructionReceipt.agda).
 Checking DASHI.Physics.Closure.ClaySprintEightWorkerAssignmentReceipt (/home/c/Documents/code/dashi_agda/DASHI/Physics/Closure/ClaySprintEightWorkerAssignmentReceipt.agda).
 Checking DASHI.Physics.Closure.ClaySprintTenWorkerAssignmentReceipt (/home/c/Documents/code/dashi_agda/DASHI/Physics/Closure/ClaySprintTenWorkerAssignmentReceipt.agda).
 Checking DASHI.Physics.Closure.ClaySprintElevenInventoryReceipt (/home/c/Documents/code/dashi_agda/DASHI/Physics/Closure/ClaySprintElevenInventoryReceipt.agda).
 Checking DASHI.Physics.Closure.ClaySprintElevenWorkerAssignmentReceipt (/home/c/Documents/code/dashi_agda/DASHI/Physics/Closure/ClaySprintElevenWorkerAssignmentReceipt.agda).
 Checking DASHI.Physics.Closure.ClaySprintTwelveBridgeWorkerAssignmentReceipt (/home/c/Documents/code/dashi_agda/DASHI/Physics/Closure/ClaySprintTwelveBridgeWorkerAssignmentReceipt.agda).
 Checking DASHI.Physics.Closure.ClaySprintThirteenAttemptLedgerReceipt (/home/c/Documents/code/dashi_agda/DASHI/Physics/Closure/ClaySprintThirteenAttemptLedgerReceipt.agda).
 Checking DASHI.Physics.Closure.ClaySprintFourteenHighestAlphaWorkerReceipt (/home/c/Documents/code/dashi_agda/DASHI/Physics/Closure/ClaySprintFourteenHighestAlphaWorkerReceipt.agda).
 Checking DASHI.Physics.Closure.ClaySprintFifteenDynamicWorkerAssignmentReceipt (/home/c/Documents/code/dashi_agda/DASHI/Physics/Closure/ClaySprintFifteenDynamicWorkerAssignmentReceipt.agda).
 Checking DASHI.Physics.Closure.ClayRemoteThreadImplementationAuditReceipt (/home/c/Documents/code/dashi_agda/DASHI/Physics/Closure/ClayRemoteThreadImplementationAuditReceipt.agda).
 Checking DASHI.Physics.Closure.ClaySprintSixteenBraidDepletionWorkerAssignmentReceipt (/home/c/Documents/code/dashi_agda/DASHI/Physics/Closure/ClaySprintSixteenBraidDepletionWorkerAssignmentReceipt.agda).
 Checking DASHI.Physics.Closure.ClaySprintSeventeenAnalyticResidueWorkerAssignmentReceipt (/home/c/Documents/code/dashi_agda/DASHI/Physics/Closure/ClaySprintSeventeenAnalyticResidueWorkerAssignmentReceipt.agda).
 Checking DASHI.Physics.Closure.ClaySprintFortyThreeNSResidueSemanticsAuditReceipt (/home/c/Documents/code/dashi_agda/DASHI/Physics/Closure/ClaySprintFortyThreeNSResidueSemanticsAuditReceipt.agda).
 Checking DASHI.Physics.Closure.ClaySprintSixtyOneCFMDirectionCoherenceRouteReceipt (/home/c/Documents/code/dashi_agda/DASHI/Physics/Closure/ClaySprintSixtyOneCFMDirectionCoherenceRouteReceipt.agda).
 Checking DASHI.Physics.Closure.ClaySprintSixtyOnePressureHessianQAntiTwistGateReceipt (/home/c/Documents/code/dashi_agda/DASHI/Physics/Closure/ClaySprintSixtyOnePressureHessianQAntiTwistGateReceipt.agda).
 Checking DASHI.Physics.Closure.ClaySprintFiftyFiveTwoLaneLocalizedLemmaLedgerReceipt (/home/c/Documents/code/dashi_agda/DASHI/Physics/Closure/ClaySprintFiftyFiveTwoLaneLocalizedLemmaLedgerReceipt.agda).
 Checking DASHI.Physics.Closure.ClaySprintFiftySixTwoLanePhysicalIntuitionRealityLedgerReceipt (/home/c/Documents/code/dashi_agda/DASHI/Physics/Closure/ClaySprintFiftySixTwoLanePhysicalIntuitionRealityLedgerReceipt.agda).
 Checking DASHI.Physics.Closure.ClaySprintFiftyFourNSYMPivotRoadmapReceipt (/home/c/Documents/code/dashi_agda/DASHI/Physics/Closure/ClaySprintFiftyFourNSYMPivotRoadmapReceipt.agda).
 Checking DASHI.Physics.Closure.ClaySprintSeventySevenYMTemporalCutNaturalityExactLemmaReceipt (/home/c/Documents/code/dashi_agda/DASHI/Physics/Closure/ClaySprintSeventySevenYMTemporalCutNaturalityExactLemmaReceipt.agda).
 Checking DASHI.Physics.Closure.ClaySprintSeventySevenYMBalabanTransferAssemblyExactLemmaReceipt (/home/c/Documents/code/dashi_agda/DASHI/Physics/Closure/ClaySprintSeventySevenYMBalabanTransferAssemblyExactLemmaReceipt.agda).
 Checking DASHI.Physics.Closure.ClaySprintSeventyEightYMResidualEffectiveActionSpatialSupportReceipt (/home/c/Documents/code/dashi_agda/DASHI/Physics/Closure/ClaySprintSeventyEightYMResidualEffectiveActionSpatialSupportReceipt.agda).
 Checking DASHI.Physics.Closure.ClaySprintSeventyEightYMPaper12bA1EntropyCorrectionReceipt (/home/c/Documents/code/dashi_agda/DASHI/Physics/Closure/ClaySprintSeventyEightYMPaper12bA1EntropyCorrectionReceipt.agda).
 Checking DASHI.Physics.Closure.YMSprint127ClaySubmissionBoundaryLedger (/home/c/Documents/code/dashi_agda/DASHI/Physics/Closure/YMSprint127ClaySubmissionBoundaryLedger.agda).
 Checking DASHI.Physics.Closure.FinalAnalyticWallsReceipt (/home/c/Documents/code/dashi_agda/DASHI/Physics/Closure/FinalAnalyticWallsReceipt.agda).
 Checking DASHI.Physics.Closure.Paper0SharedMarginGrammarConsolidationReceipt (/home/c/Documents/code/dashi_agda/DASHI/Physics/Closure/Paper0SharedMarginGrammarConsolidationReceipt.agda).
 Checking DASHI.Physics.Closure.ClayRoadmapAssignmentPrep (/home/c/Documents/code/dashi_agda/DASHI/Physics/Closure/ClayRoadmapAssignmentPrep.agda).
 Checking DASHI.Physics.Closure.GeometricSplitSummaryReceipt (/home/c/Documents/code/dashi_agda/DASHI/Physics/Closure/GeometricSplitSummaryReceipt.agda).
 Checking DASHI.Physics.Closure.ResidualBlockerMapFinalReceipt (/home/c/Documents/code/dashi_agda/DASHI/Physics/Closure/ResidualBlockerMapFinalReceipt.agda).
 Checking DASHI.Physics.Closure.PaperStatusAllPapersReceipt (/home/c/Documents/code/dashi_agda/DASHI/Physics/Closure/PaperStatusAllPapersReceipt.agda).
 Checking DASHI.Physics.Closure.Phase1FinalStateReceipt (/home/c/Documents/code/dashi_agda/DASHI/Physics/Closure/Phase1FinalStateReceipt.agda).
 Checking DASHI.Physics.Closure.SessionEndReceipt (/home/c/Documents/code/dashi_agda/DASHI/Physics/Closure/SessionEndReceipt.agda).
 Checking DASHI.Physics.Closure.NavierStokesTowerSchemaInstance (/home/c/Documents/code/dashi_agda/DASHI/Physics/Closure/NavierStokesTowerSchemaInstance.agda).
 Checking DASHI.Physics.Closure.MillenniumTowerInstancesReceipt (/home/c/Documents/code/dashi_agda/DASHI/Physics/Closure/MillenniumTowerInstancesReceipt.agda).
 Checking DASHI.Physics.Closure.MillenniumTowerDHRSMInstanceReceipt (/home/c/Documents/code/dashi_agda/DASHI/Physics/Closure/MillenniumTowerDHRSMInstanceReceipt.agda).
 Checking DASHI.Physics.QFT.DHRTowerSchemaInstance (/home/c/Documents/code/dashi_agda/DASHI/Physics/QFT/DHRTowerSchemaInstance.agda).
 Checking DASHI.Physics.QFT.DHRHexagonProofPlanSurface (/home/c/Documents/code/dashi_agda/DASHI/Physics/QFT/DHRHexagonProofPlanSurface.agda).
 Checking DASHI.Physics.QFT.W3GaugeSectorRefinementAlgebra (/home/c/Documents/code/dashi_agda/DASHI/Physics/QFT/W3GaugeSectorRefinementAlgebra.agda).
 Checking DASHI.Physics.QFT.FibreFunctorFaithfulnessReceipt (/home/c/Documents/code/dashi_agda/DASHI/Physics/QFT/FibreFunctorFaithfulnessReceipt.agda).
  Checking DASHI.Physics.QFT.SpinStatisticsConnectionReceipt (/home/c/Documents/code/dashi_agda/DASHI/Physics/QFT/SpinStatisticsConnectionReceipt.agda).
 Checking DASHI.Physics.QFT.TensorProductWithSpinReceipt (/home/c/Documents/code/dashi_agda/DASHI/Physics/QFT/TensorProductWithSpinReceipt.agda).
  Checking DASHI.Physics.QFT.NonAbelianFusionFromSpin (/home/c/Documents/code/dashi_agda/DASHI/Physics/QFT/NonAbelianFusionFromSpin.agda).
 Checking DASHI.Physics.QFT.GaugeSectorFromSpinCMTensor (/home/c/Documents/code/dashi_agda/DASHI/Physics/QFT/GaugeSectorFromSpinCMTensor.agda).
 Checking DASHI.Physics.QFT.ColourFromPrimeLaneExtensionReceipt (/home/c/Documents/code/dashi_agda/DASHI/Physics/QFT/ColourFromPrimeLaneExtensionReceipt.agda).
 Checking DASHI.Physics.QFT.BulkBoundarySU3Receipt (/home/c/Documents/code/dashi_agda/DASHI/Physics/QFT/BulkBoundarySU3Receipt.agda).
 Checking DASHI.Physics.QFT.FermionicLoopCSShiftReceipt (/home/c/Documents/code/dashi_agda/DASHI/Physics/QFT/FermionicLoopCSShiftReceipt.agda).
 Checking DASHI.Physics.QFT.LevelRankDecouplingReceipt (/home/c/Documents/code/dashi_agda/DASHI/Physics/QFT/LevelRankDecouplingReceipt.agda).
   Checking DASHI.Physics.Closure.GapRefinementOnActualTower (/home/c/Documents/code/dashi_agda/DASHI/Physics/Closure/GapRefinementOnActualTower.agda).
   Checking DASHI.Physics.Closure.UniformLowerBoundOnTower (/home/c/Documents/code/dashi_agda/DASHI/Physics/Closure/UniformLowerBoundOnTower.agda).
  Checking DASHI.Physics.Closure.Gate2ActualSelectedCarrierBundle (/home/c/Documents/code/dashi_agda/DASHI/Physics/Closure/Gate2ActualSelectedCarrierBundle.agda).
 Checking DASHI.Physics.Closure.FourProofProgramBlueprints (/home/c/Documents/code/dashi_agda/DASHI/Physics/Closure/FourProofProgramBlueprints.agda).

exit_code: 0
finished: 2026-06-11T11:52:12+10:00
